
[32m
                             _   _
                            (_) | |
      __ _   _ __   __   __  _  | |
     / _` | | '_ \  \ \ / / | | | |
    | (_| | | | | |  \ V /  | | | |
     \__,_| |_| |_|   \_/   |_| |_|
[0m
    0.2.0 (224fe9c 2024-08-14T00:19:31.998057000Z)
    [32mhttps://github.com/foundry-rs/foundry[0m

Available Accounts
==================

(0) 0xf39Fd6e51aad88F6F4ce6aB8827279cffFb92266 (10000.000000000000000000 ETH)
(1) 0x70997970C51812dc3A010C7d01b50e0d17dc79C8 (10000.000000000000000000 ETH)
(2) 0x3C44CdDdB6a900fa2b585dd299e03d12FA4293BC (10000.000000000000000000 ETH)
(3) 0x90F79bf6EB2c4f870365E785982E1f101E93b906 (10000.000000000000000000 ETH)
(4) 0x15d34AAf54267DB7D7c367839AAf71A00a2C6A65 (10000.000000000000000000 ETH)
(5) 0x9965507D1a55bcC2695C58ba16FB37d819B0A4dc (10000.000000000000000000 ETH)
(6) 0x976EA74026E726554dB657fA54763abd0C3a0aa9 (10000.000000000000000000 ETH)
(7) 0x14dC79964da2C08b23698B3D3cc7Ca32193d9955 (10000.000000000000000000 ETH)
(8) 0x23618e81E3f5cdF7f54C3d65f7FBc0aBf5B21E8f (10000.000000000000000000 ETH)
(9) 0xa0Ee7A142d267C1f36714E4a8F75612F20a79720 (10000.000000000000000000 ETH)

Private Keys
==================

(0) 0xac0974bec39a17e36ba4a6b4d238ff944bacb478cbed5efcae784d7bf4f2ff80
(1) 0x59c6995e998f97a5a0044966f0945389dc9e86dae88c7a8412f4603b6b78690d
(2) 0x5de4111afa1a4b94908f83103eb1f1706367c2e68ca870fc3fb9a804cdab365a
(3) 0x7c852118294e51e653712a81e05800f419141751be58f605c371e15141b007a6
(4) 0x47e179ec197488593b187f80a00eb0da91f1b9d0b13f8733639f19c30a34926a
(5) 0x8b3a350cf5c34c9194ca85829a2df0ec3153be0318b5e2d3348e872092edffba
(6) 0x92db14e403b83dfe3df233f83dfa3a0d7096f21ca9b0d6d6b8d88b2b4ec1564e
(7) 0x4bbbf85ce3377467afe5d46f804f221813b2bb87f24d81f60f1fcdbf7cbf4356
(8) 0xdbda1821b80551c9d65939329250298aa3472ba22feea921c0cf5d620ea67b97
(9) 0x2a871d0798f97d79848a013d4936a73bf4cc922c825d33c1cf7073dff6d409c6

Wallet
==================
Mnemonic:          test test test test test test test test test test test junk
Derivation path:   m/44'/60'/0'/0/


Chain ID
==================

[32m31337[0m

Base Fee
==================

[32m1000000000[0m

Gas Limit
==================

[32m30000000[0m

Genesis Timestamp
==================

[32m1723816510[0m

Listening on 127.0.0.1:8545
eth_getBlockByNumber
eth_call
eth_getBlockByNumber
eth_call

    Block Number: 1
    Block Hash: 0x7def49c3b01772ecfcfaffb0a254331601a780438d6e1a05cacfc9e8e55309e4
    Block Time: "Fri, 16 Aug 2024 13:55:12 +0000"

eth_chainId
eth_feeHistory
eth_estimateGas
eth_getTransactionCount
eth_sendRawTransaction
eth_blockNumber
eth_getBlockByNumber
eth_getTransactionReceipt
eth_getTransactionReceipt
eth_getTransactionReceipt
eth_blockNumber
eth_getTransactionReceipt
eth_getBlockByNumber
eth_call
eth_getTransactionReceipt
eth_blockNumber
eth_getTransactionReceipt
eth_blockNumber
eth_getTransactionReceipt
eth_blockNumber
eth_getTransactionReceipt
eth_blockNumber
eth_getBlockByNumber
eth_getTransactionReceipt
eth_blockNumber
eth_getTransactionReceipt
eth_blockNumber

    Transaction: 0x5ff4057d67488fc8f92e3cedd5136ad5e9c2b37b0d40c377b90328905a18e3d1
    Gas used: 21000

    Block Number: 2
    Block Hash: 0xe2d8cd947626672beb660e8a2b461200eaafbb2289af06711154d6fe21ddb545
    Block Time: "Fri, 16 Aug 2024 13:55:14 +0000"

eth_getTransactionReceipt
eth_getTransactionCount
eth_getBlockByNumber
eth_call
eth_getCode
eth_blockNumber
eth_gasPrice
eth_getBlockByNumber
eth_chainId
eth_blockNumber
eth_gasPrice
eth_getBlockByNumber
eth_chainId
eth_getTransactionCount
eth_getBalance
eth_getCode
eth_getCode
eth_getBalance
eth_getTransactionCount
eth_getBalance
eth_getCode
eth_getTransactionCount
eth_getStorageAt
eth_getBalance
eth_getCode
eth_getTransactionCount
eth_getTransactionCount
eth_getBalance
eth_getCode
eth_getTransactionCount
eth_getBalance
eth_getCode
eth_getBalance
eth_getCode
eth_getTransactionCount
eth_getCode
eth_getBalance
eth_getTransactionCount
eth_getBlockByNumber
eth_chainId
eth_chainId
eth_blockNumber
eth_gasPrice
eth_getBlockByNumber
eth_chainId
eth_chainId
eth_feeHistory
eth_feeHistory
eth_sendRawTransaction
eth_sendRawTransaction
eth_sendRawTransaction
eth_getTransactionReceipt
eth_getTransactionReceipt
eth_getTransactionReceipt
eth_getTransactionReceipt
eth_getTransactionReceipt
eth_getTransactionReceipt
eth_getTransactionReceipt
eth_getTransactionReceipt
eth_getTransactionReceipt
eth_blockNumber
eth_getBlockByNumber
eth_getTransactionReceipt
eth_getTransactionReceipt
eth_getTransactionReceipt
eth_blockNumber
eth_getTransactionReceipt
eth_getTransactionReceipt
eth_getTransactionReceipt
eth_blockNumber

    Transaction: 0xaccef92b04744317585608f250290d4cc1299f3400f0666eb9ea666534719538
    Contract created: 0x08e87dce60e90e93c313177c2f16aa2c905670a9
    Gas used: 487259

    Transaction: 0x48c44af1cd84e041c6cf28fed55358dad9e4fa4b75e1d4e600a830e9ef7a7f79
    Contract created: 0x2bbfe906e710ff999173a2accbd97c0012e7c61e
    Gas used: 849274

    Transaction: 0xa1c3554907b955466ae944a7acbf5fa33495a78e5ed91e1c02ac479e9ec7c13d
    Contract created: 0x74b06d72d01186c836380a8314673fde0da12c34
    Gas used: 1155150

    Block Number: 3
    Block Hash: 0x62fbc6b0060dee73d94bf8a4f862c8d93dcb60609c258a0febe2347d1c75b22f
    Block Time: "Fri, 16 Aug 2024 13:55:16 +0000"

eth_getTransactionReceipt
eth_getTransactionReceipt
eth_blockNumber
eth_getTransactionReceipt
eth_getBlockByNumber
eth_getBlockByNumber
eth_call
eth_call
eth_call
eth_call
eth_getBlockByNumber

    Block Number: 4
    Block Hash: 0xe3981fa9f65c83f88c3031230e9da7348ab1f55e1de19d073bfbc3504061f490
    Block Time: "Fri, 16 Aug 2024 13:55:18 +0000"

eth_getBlockByNumber
eth_call
eth_call
eth_call
eth_call
eth_getTransactionCount
eth_getBlockByNumber
eth_getBlockByNumber
eth_maxPriorityFeePerGas
eth_estimateGas
eth_sendRawTransaction

    Transaction: 0xbbd4ddce71a9016d2086056d5550c61f4558a89287e4501b55d5d565e7e0de38
    Gas used: 50282

    Block Number: 5
    Block Hash: 0xdabd16d7e9bc942b1b540a3f8bbcbae749a46b8fb466bfc4667768956a1c5584
    Block Time: "Fri, 16 Aug 2024 13:55:20 +0000"

eth_getBlockByNumber
eth_call
eth_call
eth_call
eth_call
eth_getBlockByNumber
eth_maxPriorityFeePerGas
eth_estimateGas
eth_sendRawTransaction
eth_getBlockByNumber
eth_getTransactionByHash
eth_getTransactionByHash
eth_getBlockByNumber
eth_getTransactionReceipt
eth_getTransactionReceipt
eth_maxPriorityFeePerGas
eth_estimateGas
eth_sendRawTransaction

    Transaction: 0x4896712a7989ac1fd466399ede599858ae78cf32d596e610bbc67bea0b473651
    Gas used: 48144

    Transaction: 0x5f3d818e04e20eec18c719e8637e5aeb531695b17b44d37b7302663b7cf7efd0
    Gas used: 98426

    Block Number: 6
    Block Hash: 0xddda27c7d68848dbc58b5c30256400228093ca45c333f9524084b11cb766e6f1
    Block Time: "Fri, 16 Aug 2024 13:55:22 +0000"

eth_getBlockByNumber
eth_call
eth_call
eth_call
eth_call
eth_getBlockByNumber
eth_getTransactionByHash
eth_getTransactionByHash
eth_getBlockByNumber
eth_getTransactionReceipt
eth_getTransactionReceipt
eth_maxPriorityFeePerGas
eth_estimateGas
eth_sendRawTransaction

    Transaction: 0x997c10f9d0999e50d45736bdc05488dc90a836c199c40ce03c625176c9a429d3
    Gas used: 50282

    Block Number: 7
    Block Hash: 0x537d83f1cd650d2ccd3a89ddac6a0cc442c3cc9e7605096ac28c7b4ad04939be
    Block Time: "Fri, 16 Aug 2024 13:55:24 +0000"

eth_getBlockByNumber
eth_maxPriorityFeePerGas
eth_estimateGas
eth_sendRawTransaction
eth_getBlockByNumber
eth_call
eth_call
eth_call
eth_call
eth_getBlockByNumber
eth_getTransactionByHash
eth_getTransactionByHash
eth_getBlockByNumber
eth_getTransactionReceipt
eth_getTransactionReceipt
eth_maxPriorityFeePerGas
eth_estimateGas
eth_sendRawTransaction

    Transaction: 0x3b68545a885b08271c63e97dbc8ee4f1b2fe59b195d9b3e883b69b1432151aed
    Gas used: 48144

    Transaction: 0xe720ea5f638f22014d4d240fda242a8485915b87b1610c7d64c326a6ab059d30
    Gas used: 98426

    Block Number: 8
    Block Hash: 0x92781e486d49dba4c2230a16a88ebb2f0c861b49cd56296d8a36f5c774c0e09b
    Block Time: "Fri, 16 Aug 2024 13:55:26 +0000"

eth_getBlockByNumber
eth_call
eth_call
eth_call
eth_call
eth_getBlockByNumber
eth_maxPriorityFeePerGas
eth_estimateGas
eth_sendRawTransaction
eth_getBlockByNumber
eth_getTransactionByHash
eth_getTransactionByHash
eth_getTransactionByHash
eth_getTransactionReceipt
eth_getBlockByNumber
eth_maxPriorityFeePerGas
eth_estimateGas
eth_getTransactionReceipt
eth_getTransactionReceipt
eth_sendRawTransaction

    Transaction: 0xea8d3c97dd32c8f5482e68f6a8975d0c4dba0a13ef1e7072fb9e0fe8c568d3d5
    Gas used: 48132

    Transaction: 0x510f682cac627c4029430bec2e5f5896b2a8db1507fe0e50e929fa0b4ced64d8
    Gas used: 98414

    Block Number: 9
    Block Hash: 0xe858e80a5e9f7cb1fd1557c9aa9d2d9d82d820acdeff1af97069fa265fbc5814
    Block Time: "Fri, 16 Aug 2024 13:55:28 +0000"

eth_getBlockByNumber
eth_call
eth_call
eth_call
eth_call
eth_getBlockByNumber
eth_getBlockByNumber
eth_getTransactionByHash
eth_getTransactionByHash
eth_maxPriorityFeePerGas
eth_getTransactionReceipt
eth_getTransactionReceipt
eth_estimateGas
eth_sendRawTransaction

    Transaction: 0x74e775710e11b08ccf43cb10488f96334d57b70b771d2b5487f8b454a9c87592
    Gas used: 50282

    Block Number: 10
    Block Hash: 0x905cada7b5e566d4d6529bdd5775190e2e8d51334dba37c92b12a6df0f8582d5
    Block Time: "Fri, 16 Aug 2024 13:55:30 +0000"

eth_getBlockByNumber
eth_maxPriorityFeePerGas
eth_estimateGas
eth_sendRawTransaction
eth_getBlockByNumber
eth_call
eth_call
eth_call
eth_call
eth_getBlockByNumber
eth_getTransactionByHash
eth_getTransactionByHash
eth_getBlockByNumber
eth_getTransactionReceipt
eth_getTransactionReceipt
eth_maxPriorityFeePerGas
eth_estimateGas
eth_sendRawTransaction

    Transaction: 0x8ca229deded3766e7e4a98475146c46beaa37409c9f3532fead3c80c1a9914c8
    Gas used: 48144

    Transaction: 0x6298488aac01385b006f14fbae6d42c3c9ef958aa20d4782f518295324ba4156
    Gas used: 98426

    Block Number: 11
    Block Hash: 0xd6a63fa003b8d877bc9e78a9b4368881f26fdd0927d1e6ffbc38bed080e97d50
    Block Time: "Fri, 16 Aug 2024 13:55:32 +0000"

eth_getBlockByNumber
eth_call
eth_call
eth_call
eth_call
eth_getBlockByNumber
eth_maxPriorityFeePerGas
eth_estimateGas
eth_sendRawTransaction
eth_getBlockByNumber
eth_getTransactionByHash
eth_getTransactionByHash
eth_getTransactionByHash
eth_getBlockByNumber
eth_getTransactionReceipt
eth_getTransactionReceipt
eth_maxPriorityFeePerGas
eth_estimateGas
eth_getTransactionReceipt
eth_sendRawTransaction

    Transaction: 0x24785fafaa93211c5bfb22706baaeabba318410d7e8e13df779859b5ad078432
    Gas used: 48144

    Transaction: 0xfb45940707e0b34459ad58b408f10efb7e54e93c757fe48d0b433ee71467dfa9
    Gas used: 98414

    Block Number: 12
    Block Hash: 0x137b65d22856cfdd769b1b333da20ff4ec5fcb8b7ce0a3e3fe95075fca33c213
    Block Time: "Fri, 16 Aug 2024 13:55:34 +0000"

eth_getBlockByNumber
eth_call
eth_call
eth_call
eth_call
eth_getBlockByNumber
eth_getTransactionByHash
eth_getTransactionByHash
eth_getTransactionReceipt
eth_getBlockByNumber
eth_maxPriorityFeePerGas
eth_getTransactionReceipt
eth_estimateGas
eth_sendRawTransaction
eth_getBlockByNumber
eth_maxPriorityFeePerGas
eth_estimateGas
eth_sendRawTransaction
eth_getBlockByNumber
eth_maxPriorityFeePerGas
eth_estimateGas
eth_sendRawTransaction

    Transaction: 0xe8491a1c2dc3ddfdb9cbab87eed35c9c4a6b1c16c8e7052dce5f7c68a594f293
    Gas used: 50282

    Transaction: 0x89c00eac2018de80780b92945c277c68709f35aafacca2b944c10ee0d8bbf2ca
    Gas used: 122674

    Transaction: 0xfdb77b7a9a25858ddf56ea6a0243f85932caa8224d12cce445b54ddda27c3509
    Gas used: 170806

    Block Number: 13
    Block Hash: 0xa242c0fc967d12c8199b176caa69ae8c583ba37c9e7a47d65e0aa4535e52a70c
    Block Time: "Fri, 16 Aug 2024 13:55:36 +0000"

eth_getBlockByNumber
eth_call
eth_call
eth_call
eth_call
eth_getBlockByNumber
eth_getTransactionByHash
eth_getTransactionByHash
eth_getTransactionByHash
eth_getBlockByNumber
eth_getTransactionReceipt
eth_getTransactionReceipt
eth_getTransactionReceipt
eth_maxPriorityFeePerGas
eth_estimateGas
eth_sendRawTransaction
eth_getBlockByNumber
eth_maxPriorityFeePerGas
eth_estimateGas
eth_sendRawTransaction

    Transaction: 0x5ef805f676122999f6835b0fcf9b2452c264a2fd091f4f9ea744546e723fda7d
    Gas used: 50282

    Transaction: 0xa43caea3d83f0c4fb1135244239f8da088cad61e3dcb8bdb3683611ffca670d4
    Gas used: 105574

    Block Number: 14
    Block Hash: 0xd1f9d3c6c1e1160b34ace61f1ba37b575937a515342841d84fdcb8bfdeaf81f9
    Block Time: "Fri, 16 Aug 2024 13:55:38 +0000"

eth_getBlockByNumber
eth_call
eth_call
eth_call
eth_call
eth_getBlockByNumber
eth_maxPriorityFeePerGas
eth_estimateGas
eth_sendRawTransaction
eth_getBlockByNumber
eth_getTransactionByHash
eth_getTransactionByHash
eth_getTransactionByHash
eth_getBlockByNumber
eth_getTransactionReceipt
eth_getTransactionReceipt
eth_getTransactionReceipt
eth_maxPriorityFeePerGas
eth_estimateGas
eth_sendRawTransaction
eth_getBlockByNumber
eth_maxPriorityFeePerGas
eth_estimateGas
eth_sendRawTransaction

    Transaction: 0x83c8b6855c87e90dbeb4c0ef5890c6aa91ddd0094991f4911468fce1230db8c6
    Gas used: 48144

    Transaction: 0x006daa32f742757e871e84a1f6c0fec056db2bad7908ed129631eed53f3b38b9
    Gas used: 98426

    Transaction: 0xb85e975f6f3364f4faac74733f97eaea4c0494c5d43af3d281f9eada0eaf1e94
    Gas used: 153706

    Block Number: 15
    Block Hash: 0x1cb94be96fee78bcb5fea6330e193ad5fec49fbeb3526d1787a6887e6ac5a448
    Block Time: "Fri, 16 Aug 2024 13:55:40 +0000"

eth_getBlockByNumber
eth_call
eth_call
eth_call
eth_call
eth_getBlockByNumber
eth_getTransactionByHash
eth_getBlockByNumber
eth_getTransactionByHash
eth_getTransactionByHash
eth_getTransactionReceipt
eth_maxPriorityFeePerGas
eth_getTransactionReceipt
eth_estimateGas
eth_sendRawTransaction
eth_getTransactionReceipt
eth_getBlockByNumber
eth_maxPriorityFeePerGas
eth_estimateGas
eth_sendRawTransaction

    Transaction: 0x517b03011da1d31ad8b84d2f6b88aa0b40f661d82a06e8bbda6d0644726eb072
    Gas used: 50258

    Transaction: 0x790db1fc320a8028927dd0798197c2db88b327711d42cfbefcc6d93d50a2beee
    Gas used: 105538

    Block Number: 16
    Block Hash: 0xb75f413e2485b5670ec490476d50e4f453520a1eb6b014247fb4b5de716a8602
    Block Time: "Fri, 16 Aug 2024 13:55:42 +0000"

eth_getBlockByNumber
eth_maxPriorityFeePerGas
eth_estimateGas
eth_sendRawTransaction
eth_getBlockByNumber
eth_call
eth_call
eth_call
eth_call
eth_getBlockByNumber
eth_getTransactionByHash
eth_getTransactionByHash
eth_getTransactionByHash
eth_getBlockByNumber
eth_getTransactionReceipt
eth_getTransactionReceipt
eth_getTransactionReceipt
eth_maxPriorityFeePerGas
eth_estimateGas
eth_sendRawTransaction
eth_getBlockByNumber
eth_maxPriorityFeePerGas
eth_estimateGas
eth_sendRawTransaction

    Transaction: 0x3966a0eb60d32be8e46e7123589b826ad291c0e7f07c6f4ed19f14751882c523
    Gas used: 48144

    Transaction: 0x4e0e0f6d51b6a178b7d586631e451338f46efcb14d94f735bcd991ff510aefab
    Gas used: 98426

    Transaction: 0x6db8d9989d7554eb5a7b61e9e767986749982c8905fd6d83f087a03f470c20ed
    Gas used: 153718

    Block Number: 17
    Block Hash: 0xe9c2436671dd8abfe6e91eaa2a092d59946a01ae3e4795a06dbb3b40563154f0
    Block Time: "Fri, 16 Aug 2024 13:55:44 +0000"

eth_getBlockByNumber
eth_call
eth_call
eth_call
eth_call
eth_getBlockByNumber
eth_maxPriorityFeePerGas
eth_estimateGas
eth_sendRawTransaction
eth_getBlockByNumber
eth_getTransactionByHash
eth_getTransactionByHash
eth_getTransactionByHash
eth_getTransactionByHash
eth_getBlockByNumber
eth_getTransactionReceipt
eth_getTransactionReceipt
eth_getTransactionReceipt
eth_maxPriorityFeePerGas
eth_estimateGas
eth_getTransactionReceipt
eth_sendRawTransaction
eth_getBlockByNumber
eth_maxPriorityFeePerGas
eth_estimateGas
eth_sendRawTransaction

    Transaction: 0xf7ac8042b0636bde082faf16629310a7ed2ae0a6275dfa57321423bf4036c446
    Gas used: 48144

    Transaction: 0x05e2c9e194a0ee0abc9e99df13f0ba6c6122bbc67614bd2a0a38b784094f41ec
    Gas used: 98426

    Transaction: 0xfe53167e08b644d3e98ae21b857210d44eec5ba70e90b595c0051d6f791c7c51
    Gas used: 153706

    Block Number: 18
    Block Hash: 0x3741de2e7746b855cace4635cb131241fe30da1a2fb02c2a57cef98021fba725
    Block Time: "Fri, 16 Aug 2024 13:55:46 +0000"

eth_getBlockByNumber
eth_call
eth_call
eth_call
eth_call
eth_getBlockByNumber
eth_getTransactionByHash
eth_getTransactionByHash
eth_getTransactionByHash
eth_getBlockByNumber
eth_getTransactionReceipt
eth_getTransactionReceipt
eth_getTransactionReceipt
eth_maxPriorityFeePerGas
eth_estimateGas
eth_sendRawTransaction
eth_getBlockByNumber
eth_maxPriorityFeePerGas
eth_estimateGas
eth_sendRawTransaction

    Transaction: 0xe9f7eff87548f2e9835426cd0b94c4cbbc328f8816e7d97370b3d8a4c228bf08
    Gas used: 50282

    Transaction: 0x0492968fea91ee170d1e1f20430a83afd8ed47821fbd4955d1a55e2b711bbeaa
    Gas used: 105574

    Block Number: 19
    Block Hash: 0x153463dbeed3e8b9f950eb7c681edbc0ddcc578a87a49f0516f5319f1693eb8d
    Block Time: "Fri, 16 Aug 2024 13:55:48 +0000"

eth_getBlockByNumber
eth_maxPriorityFeePerGas
eth_estimateGas
eth_sendRawTransaction
eth_getBlockByNumber
eth_call
eth_call
eth_call
eth_call
eth_getBlockByNumber
eth_getBlockByNumber
eth_maxPriorityFeePerGas
eth_getTransactionByHash
eth_getTransactionByHash
eth_getTransactionByHash
eth_getTransactionReceipt
eth_estimateGas
eth_getTransactionReceipt
eth_getTransactionReceipt
eth_sendRawTransaction
eth_getBlockByNumber
eth_maxPriorityFeePerGas
eth_estimateGas
eth_sendRawTransaction

    Transaction: 0x4406d0e66a5da096564758119c3c6fb8ffac394dde082a4ba89a244072f21b00
    Gas used: 48132

    Transaction: 0xc18d97a7ab074b12f8bc2311966de63bc81eb6320a0e6c67fa57dd24b9d0211e
    Gas used: 98414

    Transaction: 0xb323832b797c6ecb1a933a2f7c2f3cd1616b7d50cb4facdf3673afebff397a2a
    Gas used: 153694

    Block Number: 20
    Block Hash: 0x64c29184446da8d2603a604dfb45e98ff4b95fd42cf5f572edd35a0e2e4dc45d
    Block Time: "Fri, 16 Aug 2024 13:55:50 +0000"

eth_getBlockByNumber
eth_call
eth_call
eth_call
eth_call
eth_getBlockByNumber
eth_maxPriorityFeePerGas
eth_estimateGas
eth_sendRawTransaction
eth_getBlockByNumber
eth_getTransactionByHash
eth_getTransactionByHash
eth_getTransactionByHash
eth_getTransactionByHash
eth_getBlockByNumber
eth_getTransactionReceipt
eth_getTransactionReceipt
eth_getTransactionReceipt
eth_getTransactionReceipt
eth_maxPriorityFeePerGas
eth_estimateGas
eth_sendRawTransaction
eth_getBlockByNumber
eth_maxPriorityFeePerGas
eth_estimateGas
eth_sendRawTransaction

    Transaction: 0xdcc1cd19ed241745d29fe0b0fd798f76a06799ee7b26ed319949ca341a0cb95f
    Gas used: 48144

    Transaction: 0x685477344c2571db9fc5c5cbf90e6dd86a5caa4a5264f62b79848a291513ec3b
    Gas used: 98426

    Transaction: 0x4bdbd1676d3aeabb624f46a72f73839486387fcb24f5bdfcc2c6fcb03bd434cd
    Gas used: 153718

    Block Number: 21
    Block Hash: 0x2e37a76941abc08c27ef6cc9856a1f33a32eb58076d928f0781377edda933eee
    Block Time: "Fri, 16 Aug 2024 13:55:52 +0000"

eth_getBlockByNumber
eth_call
eth_call
eth_call
eth_call
eth_getTransactionByHash
eth_getTransactionByHash
eth_getTransactionByHash
eth_getBlockByNumber
eth_getBlockByNumber
eth_getTransactionReceipt
eth_getTransactionReceipt
eth_getTransactionReceipt
eth_maxPriorityFeePerGas
eth_estimateGas
eth_sendRawTransaction
eth_getBlockByNumber
eth_maxPriorityFeePerGas
eth_estimateGas
eth_sendRawTransaction

    Transaction: 0x62ec2fae165dc4654fb82e29761876e692288fef307f0e459f90dcb19ebf9f33
    Gas used: 50270

    Transaction: 0xa90e89be188a8e82571a83e634de42cfce5f971bcefe29d982f22d244d312618
    Gas used: 105562

    Block Number: 22
    Block Hash: 0x0d3508315081e32fa054081825f66885a5b848580ee1ad64c1a298f3e0eee423
    Block Time: "Fri, 16 Aug 2024 13:55:54 +0000"

eth_getBlockByNumber
eth_maxPriorityFeePerGas
eth_estimateGas
eth_sendRawTransaction
eth_getBlockByNumber
eth_call
eth_call
eth_call
eth_call
eth_getTransactionByHash
eth_getTransactionByHash
eth_getTransactionByHash
eth_getBlockByNumber
eth_getTransactionReceipt
eth_getTransactionReceipt
eth_getTransactionReceipt
eth_maxPriorityFeePerGas
eth_estimateGas
eth_sendRawTransaction
eth_getBlockByNumber
eth_maxPriorityFeePerGas
eth_estimateGas
eth_sendRawTransaction
eth_getBlockByNumber

    Transaction: 0x4ddbe2db57b7ed9e4f1d42526e0a643ab14259767e7e63083284dc7a438a4496
    Gas used: 48144

    Transaction: 0xb18f5ab52f311d6426d0cdca4e8a326554f1ac4106f932c13f154bc83c39c12c
    Gas used: 98426

    Transaction: 0x22918e13ab70520c21429341c42a02944aac1e4a320d30e7159087d74f2615cc
    Gas used: 153718

    Block Number: 23
    Block Hash: 0xac76763c94953b1fe3c12430eff21e96deec2d1865667daa7c27a62ef022a6c4
    Block Time: "Fri, 16 Aug 2024 13:55:56 +0000"

eth_getBlockByNumber
eth_call
eth_call
eth_call
eth_call
eth_getBlockByNumber
eth_maxPriorityFeePerGas
eth_estimateGas
eth_sendRawTransaction
eth_getTransactionByHash
eth_getTransactionByHash
eth_getTransactionByHash
eth_getTransactionByHash
eth_getBlockByNumber
eth_getTransactionReceipt
eth_getTransactionReceipt
eth_getTransactionReceipt
eth_getTransactionReceipt
eth_maxPriorityFeePerGas
eth_estimateGas
eth_sendRawTransaction
eth_getBlockByNumber
eth_maxPriorityFeePerGas
eth_estimateGas
eth_sendRawTransaction
eth_getBlockByNumber

    Transaction: 0x8e10a220d73ecf4b63772ae470f6aa7c8800253d5f2659f7f5e787f6ac0951ab
    Gas used: 48144

    Transaction: 0xf0d6ba09994514e10d6ca4e77edfe7c9fd0026fca6f34393de8fe30216b79b7d
    Gas used: 98426

    Transaction: 0xa4ceaf02f8ef13391c9d238282061822904fb21c45f640eafe73f62b011299f2
    Gas used: 153718

    Block Number: 24
    Block Hash: 0x7e7db0a2494ddfa9c4958060e641cbae5d1c10c25aa8cb95fd73aa24c44eb0b4
    Block Time: "Fri, 16 Aug 2024 13:55:58 +0000"

eth_getBlockByNumber
eth_call
eth_call
eth_call
eth_call
eth_getTransactionByHash
eth_getTransactionByHash
eth_getBlockByNumber
eth_getTransactionByHash
eth_getTransactionReceipt
eth_getTransactionReceipt
eth_maxPriorityFeePerGas
eth_getTransactionReceipt
eth_estimateGas
eth_sendRawTransaction
eth_getBlockByNumber
eth_maxPriorityFeePerGas
eth_estimateGas
eth_sendRawTransaction
eth_getBlockByNumber
eth_getBlockByNumber
eth_maxPriorityFeePerGas
eth_estimateGas
eth_sendRawTransaction

    Transaction: 0xc8694012fbfe878f4966336ab84b8584463083bbe44a737394c8daac0c1025fa
    Gas used: 50282

    Transaction: 0x3c806ce5620197a1eedda68563c178ef71cf42d7c2a0d121fb80985ea1ddd51e
    Gas used: 105574

    Transaction: 0xea14623ee9591dcc57d2f9aa4c12b5e860a779c2c43813b603107c206be6bee2
    Gas used: 153718

    Block Number: 25
    Block Hash: 0x53babfe290c490a22848a5cd600da976dd2010b9f166b21cb149fcaf7701cb05
    Block Time: "Fri, 16 Aug 2024 13:56:00 +0000"

eth_getBlockByNumber
eth_call
eth_call
eth_call
eth_call
eth_getTransactionByHash
eth_getTransactionByHash
eth_getTransactionByHash
eth_getBlockByNumber
eth_getTransactionReceipt
eth_getTransactionReceipt
eth_getTransactionReceipt
eth_maxPriorityFeePerGas
eth_estimateGas
eth_sendRawTransaction
eth_getBlockByNumber
eth_maxPriorityFeePerGas
eth_estimateGas
eth_sendRawTransaction
eth_getBlockByNumber

    Transaction: 0xc8116bb869ea647eeb6e24d635bc9e09cc6de9fe011d37971f03a6f532bfa73e
    Gas used: 50270

    Transaction: 0xc0b8699c5ff20c1915fa2ee92ee9d5059060f551cfc17b4b94114c4068d7aa0b
    Gas used: 105562

    Block Number: 26
    Block Hash: 0x5a87e6135d1615743fd9db3b6d669f0a919868d2745fbbc782012ad92bce790a
    Block Time: "Fri, 16 Aug 2024 13:56:02 +0000"

eth_getBlockByNumber
eth_call
eth_call
eth_call
eth_call
eth_getBlockByNumber
eth_maxPriorityFeePerGas
eth_estimateGas
eth_sendRawTransaction
eth_getTransactionByHash
eth_getTransactionByHash
eth_getTransactionByHash
eth_getBlockByNumber
eth_getTransactionReceipt
eth_getTransactionReceipt
eth_maxPriorityFeePerGas
eth_getTransactionReceipt
eth_estimateGas
eth_sendRawTransaction
eth_getBlockByNumber
eth_maxPriorityFeePerGas
eth_estimateGas
eth_sendRawTransaction
eth_getBlockByNumber

    Transaction: 0xe82f6d4e46dea698fb579c7054d88dea7c62f474eab661ce5473e0c85a6a1caf
    Gas used: 48144

    Transaction: 0x48b93233b489c99e113d17b6ca4bf7f7a6992ef7b8dc342d361b2117747e7a8c
    Gas used: 98426

    Transaction: 0xb8a325d4dcc75b18b6d96826868d369f0add0ef114119ef8781c840e46fe730e
    Gas used: 153718

    Block Number: 27
    Block Hash: 0x0d67229610427cda3501494f7af2e24fb93f540b1c83fd2fe4cde9c8d04fcef5
    Block Time: "Fri, 16 Aug 2024 13:56:04 +0000"

eth_getBlockByNumber
eth_call
eth_call
eth_call
eth_call
eth_getTransactionByHash
eth_getTransactionByHash
eth_getTransactionByHash
eth_getBlockByNumber
eth_getTransactionReceipt
eth_getTransactionReceipt
eth_getTransactionReceipt
eth_maxPriorityFeePerGas
eth_estimateGas
eth_sendRawTransaction
eth_getBlockByNumber
eth_maxPriorityFeePerGas
eth_estimateGas
eth_sendRawTransaction
eth_getBlockByNumber

    Transaction: 0x85276519afe87c183d2bd8d54db174135b1f9857a5dfdec9fa1ff2eb6bc7278b
    Gas used: 50282

    Transaction: 0x2e3b2541c65d72f4e708e9ca866b0d470152b3f5e058601da26665d129630f2d
    Gas used: 105574

    Block Number: 28
    Block Hash: 0xe365e71ad9dcdb646f3cd75894f13da4d56e02820727c1bb66e0dcb9816eb19b
    Block Time: "Fri, 16 Aug 2024 13:56:06 +0000"

eth_getBlockByNumber
eth_maxPriorityFeePerGas
eth_estimateGas
eth_sendRawTransaction
eth_getBlockByNumber
eth_call
eth_call
eth_call
eth_call
eth_getBlockByNumber
eth_getTransactionByHash
eth_getTransactionByHash
eth_getTransactionByHash
eth_maxPriorityFeePerGas
eth_getTransactionReceipt
eth_getTransactionReceipt
eth_getTransactionReceipt
eth_estimateGas
eth_sendRawTransaction
eth_getBlockByNumber
eth_maxPriorityFeePerGas
eth_estimateGas
eth_sendRawTransaction
eth_getBlockByNumber

    Transaction: 0x601a01aa848c73daf243de4b6d1e2b4d02876119eaa811e4dce9ba7d092179d4
    Gas used: 48144

    Transaction: 0x52df2d23a8c49d2a8b426192f6f8001e70dfc7503c92947e765a573b98092bf5
    Gas used: 98426

    Transaction: 0xbf8fddefb0110fe31dcd96a84a31d87854b06871e84ef1adc4cef499d2eb0680
    Gas used: 153718

    Block Number: 29
    Block Hash: 0xf5d4fa6a6ca90fb7ceeb9d1c4dc81d829d4922d8a647a64d91b8012ee396126b
    Block Time: "Fri, 16 Aug 2024 13:56:08 +0000"

eth_getBlockByNumber
eth_call
eth_call
eth_call
eth_call
eth_getBlockByNumber
eth_maxPriorityFeePerGas
eth_estimateGas
eth_sendRawTransaction
eth_getBlockByNumber
eth_getTransactionByHash
eth_getTransactionByHash
eth_getTransactionByHash
eth_getTransactionByHash
eth_maxPriorityFeePerGas
eth_getTransactionReceipt
eth_getTransactionReceipt
eth_estimateGas
eth_sendRawTransaction
eth_getTransactionReceipt
eth_getTransactionReceipt
eth_getBlockByNumber
eth_maxPriorityFeePerGas
eth_estimateGas
eth_sendRawTransaction
eth_getBlockByNumber

    Transaction: 0xb88660389f77127cc19815a80fa1525ae6a9117fda74873d6ddf962d3f9699e3
    Gas used: 48144

    Transaction: 0x96a8a3f70634e70bc4912cb262216ff599d78e0bd1432bcd41599ede4e3f6bf8
    Gas used: 98426

    Transaction: 0x21adb870f1dc53a3f2dade761308713c735baef4bde858cf875b19666ed0d5f0
    Gas used: 153718

    Block Number: 30
    Block Hash: 0x40878185c3fdc6de2c2d12c204e28dacf3bc06e74bcf9994af8909fc7145535a
    Block Time: "Fri, 16 Aug 2024 13:56:10 +0000"

eth_getBlockByNumber
eth_call
eth_call
eth_call
eth_call
eth_getTransactionByHash
eth_getBlockByNumber
eth_getTransactionByHash
eth_getTransactionByHash
eth_getTransactionReceipt
eth_maxPriorityFeePerGas
eth_getTransactionReceipt
eth_getTransactionReceipt
eth_estimateGas
eth_sendRawTransaction
eth_getBlockByNumber
eth_maxPriorityFeePerGas
eth_estimateGas
eth_sendRawTransaction
eth_getBlockByNumber
eth_getBlockByNumber
eth_maxPriorityFeePerGas
eth_estimateGas
eth_sendRawTransaction

    Transaction: 0x696968efe324110515658338a4509dca4d8b65e608d0a8ea01cc92ab6e0a24fa
    Gas used: 50270

    Transaction: 0x074de4dcf7747ad43185c899ba68461b11226041b98ce8a992fe7ba844f2c509
    Gas used: 105562

    Transaction: 0x430db2bf60fb72a7f729f3fb2520aa39c37b263b244a48d49a0fd5f0da1abf63
    Gas used: 153706

    Block Number: 31
    Block Hash: 0x5a49b21a51aa10b881cbc46bc61ab5b14f4335adcec50da93db4d7612f712bf6
    Block Time: "Fri, 16 Aug 2024 13:56:12 +0000"

eth_getBlockByNumber
eth_call
eth_call
eth_call
eth_call
eth_getTransactionByHash
eth_getTransactionByHash
eth_getTransactionByHash
eth_getBlockByNumber
eth_getTransactionReceipt
eth_getTransactionReceipt
eth_getTransactionReceipt
eth_maxPriorityFeePerGas
eth_estimateGas
eth_sendRawTransaction
eth_getBlockByNumber
eth_maxPriorityFeePerGas
eth_estimateGas
eth_sendRawTransaction
eth_getBlockByNumber

    Transaction: 0x7dd8c6a838ebbe6c6011717b1efe27a0e9c08763b9766e17195446332229819e
    Gas used: 50282

    Transaction: 0xd32c0f436fd22c850b9a3e6bc26f69f2a4cd63829ba61f1a19688c175b2e1e03
    Gas used: 105574

    Block Number: 32
    Block Hash: 0xdde1315be2fb6d689c697187fb7c87f5f0d7a67d5eed36151e55bbdf283d6790
    Block Time: "Fri, 16 Aug 2024 13:56:14 +0000"

eth_getBlockByNumber
eth_call
eth_call
eth_call
eth_call
eth_getBlockByNumber
eth_maxPriorityFeePerGas
eth_estimateGas
eth_sendRawTransaction
eth_getTransactionByHash
eth_getTransactionByHash
eth_getTransactionByHash
eth_getBlockByNumber
eth_getTransactionReceipt
eth_getTransactionReceipt
eth_getTransactionReceipt
eth_maxPriorityFeePerGas
eth_estimateGas
eth_sendRawTransaction
eth_getBlockByNumber
eth_maxPriorityFeePerGas
eth_estimateGas
eth_sendRawTransaction
eth_getBlockByNumber

    Transaction: 0x276cf5ac649d28763b022978ed186c3d23a150ec7c8ee93e61f64617a9298a13
    Gas used: 48144

    Transaction: 0x78c049514d02cde736961753d165b37fd135cd4ffd16d3b1817106b9feb50aa5
    Gas used: 98414

    Transaction: 0x0d90ec24423613eb3791007fb414af5db8459eff789cf56f2c1edfcf5200fa96
    Gas used: 153706

    Block Number: 33
    Block Hash: 0xa8bbda16501bb6072b31b8e32493b440f16fde5340c2574e4b821beacb4b77bf
    Block Time: "Fri, 16 Aug 2024 13:56:16 +0000"

eth_getBlockByNumber
eth_call
eth_call
eth_call
eth_call
eth_getTransactionByHash
eth_getTransactionByHash
eth_getTransactionByHash
eth_getBlockByNumber
eth_getTransactionReceipt
eth_getTransactionReceipt
eth_maxPriorityFeePerGas
eth_getTransactionReceipt
eth_estimateGas
eth_sendRawTransaction
eth_getBlockByNumber
eth_maxPriorityFeePerGas
eth_estimateGas
eth_sendRawTransaction
eth_getBlockByNumber
eth_maxPriorityFeePerGas
eth_estimateGas
eth_getBlockByNumber

    Transaction: 0x9c0ef19a64d67d0cabfc9602282278a8eb668b8377f26c1dd92aa4f70ae5eaab
    Gas used: 50282

    Transaction: 0x8f8471d507549a988137f9dccb74944e603ee3cb6d782b50702f5375508c4703
    Gas used: 105574

    Block Number: 34
    Block Hash: 0x6519e8f246ba0b70ed4e370c102ae7248d3580b607ae0ec5748690332e973fa4
    Block Time: "Fri, 16 Aug 2024 13:56:18 +0000"

eth_sendRawTransaction
eth_getBlockByNumber
eth_call
eth_call
eth_call
eth_call
eth_getBlockByNumber
eth_getTransactionByHash
eth_getTransactionByHash
eth_getTransactionByHash
eth_maxPriorityFeePerGas
eth_getTransactionReceipt
eth_getTransactionReceipt
eth_getTransactionReceipt
eth_estimateGas
eth_sendRawTransaction
eth_getBlockByNumber
eth_maxPriorityFeePerGas
eth_estimateGas
eth_sendRawTransaction

    Transaction: 0x75ba12c4b7d1cf984506c39acccb825d6e1a18dba8f11514ad0a24da9e41e9f9
    Gas used: 48144

    Transaction: 0xb908aafc77dbefb484b7ac444107f61b40d25be5f52c7868265df5503a375588
    Gas used: 98426

    Transaction: 0x719523068278d7df4bab13af33eef51084e56ce43231aff355538924b71756e1
    Gas used: 153718

    Block Number: 35
    Block Hash: 0xa57262f6dd64a8dbcbbbdd87bbaa6309e5ae8acc054bff55a6619691be80884b
    Block Time: "Fri, 16 Aug 2024 13:56:20 +0000"

eth_getBlockByNumber
eth_call
eth_call
eth_call
eth_call
eth_getBlockByNumber
eth_maxPriorityFeePerGas
eth_estimateGas
eth_sendRawTransaction
eth_getBlockByNumber
eth_getTransactionByHash
eth_getTransactionByHash
eth_getTransactionByHash
eth_getTransactionByHash
eth_getTransactionReceipt
eth_getBlockByNumber
eth_getTransactionReceipt
eth_getTransactionReceipt
eth_getTransactionReceipt
eth_maxPriorityFeePerGas
eth_estimateGas
eth_sendRawTransaction
eth_getBlockByNumber
eth_maxPriorityFeePerGas
eth_estimateGas
eth_sendRawTransaction

    Transaction: 0x736aaf60de29ae2005cbff1900db880055fb1918f504a3d136dcd949c481e00e
    Gas used: 48144

    Transaction: 0x2df2bc852d7ce7cae626feab532a619fff11c9679fdd8f57d54bcb928d166beb
    Gas used: 98426

    Transaction: 0xb3de192f654ba6bbba1fb55c5ebc20ff6929ec12a05138897befee1bec5039f7
    Gas used: 153718

    Block Number: 36
    Block Hash: 0x40a32ecf045e460d79397d1cf44f908dbbb7e2f1f8a1cbf1cadee953f26da097
    Block Time: "Fri, 16 Aug 2024 13:56:22 +0000"

eth_getBlockByNumber
eth_call
eth_call
eth_call
eth_call
eth_getBlockByNumber
eth_getTransactionByHash
eth_getTransactionByHash
eth_getTransactionByHash
eth_getBlockByNumber
eth_getTransactionReceipt
eth_getTransactionReceipt
eth_maxPriorityFeePerGas
eth_getTransactionReceipt
eth_estimateGas
eth_sendRawTransaction
eth_getBlockByNumber
eth_maxPriorityFeePerGas
eth_estimateGas
eth_sendRawTransaction
eth_getBlockByNumber
eth_maxPriorityFeePerGas
eth_estimateGas

    Transaction: 0x2b185e02994db12318e6299c81e8b8006323ecd81fcae78f176223142c08266a
    Gas used: 50282

    Transaction: 0x75bdf9560f3e269f63ccfb2152ec1e7bccdbd5019ac4eaf7997cf0b2c91bd3d8
    Gas used: 105562

    Block Number: 37
    Block Hash: 0xb5e2451793c3d5ced2d269d3b6c10e7538958891f61fb0a09b6c3e8a2e4d4dfe
    Block Time: "Fri, 16 Aug 2024 13:56:24 +0000"

eth_sendRawTransaction
eth_getBlockByNumber
eth_call
eth_call
eth_call
eth_call
eth_getBlockByNumber
eth_getBlockByNumber
eth_getTransactionByHash
eth_getTransactionByHash
eth_maxPriorityFeePerGas
eth_getTransactionByHash
eth_getTransactionReceipt
eth_getTransactionReceipt
eth_estimateGas
eth_getTransactionReceipt
eth_sendRawTransaction
eth_getBlockByNumber
eth_maxPriorityFeePerGas
eth_estimateGas
eth_sendRawTransaction

    Transaction: 0x5ddd013b31b4717f31bd2b45772954c51427062b777fd3663ccabcbe9da7a8e2
    Gas used: 48144

    Transaction: 0x982fb09d4c6d22ddb117dbba21ff364d3ad5dfd874e315d3d5c25900e5ee295d
    Gas used: 98426

    Transaction: 0xefc1a7595440ce43626aa17a68e001182dc2f87bd706c1e07b320969b5e83810
    Gas used: 153718

    Block Number: 38
    Block Hash: 0xcf36579acbbbb9105b4286bed46070302b7bb9642a0b56fea13b6ee5cb144968
    Block Time: "Fri, 16 Aug 2024 13:56:26 +0000"

eth_getBlockByNumber
eth_call
eth_call
eth_call
eth_call
eth_getBlockByNumber
eth_maxPriorityFeePerGas
eth_estimateGas
eth_sendRawTransaction
eth_getBlockByNumber
eth_getBlockByNumber
eth_getTransactionByHash
eth_getTransactionByHash
eth_getTransactionByHash
eth_getTransactionByHash
eth_getTransactionReceipt
eth_maxPriorityFeePerGas
eth_getTransactionReceipt
eth_getTransactionReceipt
eth_getTransactionReceipt
eth_estimateGas
eth_sendRawTransaction
eth_getBlockByNumber
eth_maxPriorityFeePerGas
eth_estimateGas
eth_sendRawTransaction

    Transaction: 0xaddcbca388a67b64cc3d34997cd6fec2124fab0e3e088d57ab9dbe491def6b23
    Gas used: 48132

    Transaction: 0x87238fbce83a80f353bd7ed52baac61fa10e9b337b1c86abafc5b82408a60ea3
    Gas used: 98414

    Transaction: 0x08bf83389eff84b4892e52a25ba7a12609b4d4f2af855774d6fde4a2a9671e7c
    Gas used: 153706

    Block Number: 39
    Block Hash: 0x91e887548c86d2b3224a85bd5bb73051063b65fe9eae7fbea469928d29efc8fe
    Block Time: "Fri, 16 Aug 2024 13:56:28 +0000"

eth_getBlockByNumber
eth_call
eth_call
eth_call
eth_call
eth_getBlockByNumber
eth_getBlockByNumber
eth_getTransactionByHash
eth_getTransactionByHash
eth_getTransactionByHash
eth_maxPriorityFeePerGas
eth_getTransactionReceipt
eth_getTransactionReceipt
eth_estimateGas
eth_sendRawTransaction
eth_getTransactionReceipt
eth_getBlockByNumber
eth_maxPriorityFeePerGas
eth_estimateGas
eth_sendRawTransaction

    Transaction: 0x56d8706baf6f810969f52192351092b83980ea8d171c43bbf864cd9799b944bd
    Gas used: 50270

    Transaction: 0x04eb6093063b74a0ceeef4119d8c2ae91adff440a01c7868f0e91c0f0105ddaa
    Gas used: 105562

    Block Number: 40
    Block Hash: 0x1bb291ad06928fdb0724d861d1293dba455efa95303d159e27e2a8042eff4399
    Block Time: "Fri, 16 Aug 2024 13:56:30 +0000"

eth_getBlockByNumber
eth_call
eth_call
eth_call
eth_call
eth_getBlockByNumber
eth_maxPriorityFeePerGas
eth_estimateGas
eth_sendRawTransaction
eth_getBlockByNumber
eth_getBlockByNumber
eth_maxPriorityFeePerGas
eth_getTransactionByHash
eth_getTransactionByHash
eth_estimateGas
eth_getTransactionByHash
eth_getTransactionReceipt
eth_getTransactionReceipt
eth_sendRawTransaction
eth_getTransactionReceipt
eth_getBlockByNumber
eth_maxPriorityFeePerGas
eth_estimateGas
eth_sendRawTransaction

    Transaction: 0xde2b200809a215efa750ab8733dc39607522dde7f570bc26e11505e1feddc268
    Gas used: 48144

    Transaction: 0xb5a48e6275a839ecb6a5b1248a976e1b49a20da55b772ddc73b0cc0c48236338
    Gas used: 98426

    Transaction: 0x1ad7827d66b1065630561106545ab4eb6d57686881115e8ebf4db24e9eefeeed
    Gas used: 153706

    Block Number: 41
    Block Hash: 0x266baeb30c14f6ae31420fe16b6c19951cf4329a0521aaa12247e38257149be5
    Block Time: "Fri, 16 Aug 2024 13:56:32 +0000"

eth_getBlockByNumber
eth_call
eth_call
eth_call
eth_call
eth_getBlockByNumber
eth_getBlockByNumber
eth_maxPriorityFeePerGas
eth_estimateGas
eth_sendRawTransaction
eth_getBlockByNumber
eth_getTransactionByHash
eth_getTransactionByHash
eth_getTransactionByHash
eth_getTransactionByHash
eth_getTransactionReceipt
eth_maxPriorityFeePerGas
eth_getTransactionReceipt
eth_getTransactionReceipt
eth_getTransactionReceipt
eth_estimateGas
eth_sendRawTransaction
eth_getBlockByNumber
eth_maxPriorityFeePerGas
eth_estimateGas
eth_sendRawTransaction

    Transaction: 0x3528a944dcc594778b4ceed1df2c016da7cee5b9506c03fb445137b0805f6ef4
    Gas used: 48144

    Transaction: 0xa25a7c448e49a520b7d52fc028c0c445b76dee9b7cbf73883a6c7ab912f26bf0
    Gas used: 98426

    Transaction: 0x1c94eab43328b3df1608f503c6cc375e5369cb05e38fedb0caccaa30c27ae481
    Gas used: 153718

    Block Number: 42
    Block Hash: 0x1d085c67ecd19576a75146fb115aeac3781fe142af1a07c8d36e1f01a49eb674
    Block Time: "Fri, 16 Aug 2024 13:56:34 +0000"

eth_getBlockByNumber
eth_call
eth_call
eth_call
eth_call
eth_getBlockByNumber
eth_getBlockByNumber
eth_getTransactionByHash
eth_getTransactionByHash
eth_getTransactionByHash
eth_maxPriorityFeePerGas
eth_getTransactionReceipt
eth_getTransactionReceipt
eth_getTransactionReceipt
eth_estimateGas
eth_sendRawTransaction
eth_getBlockByNumber
eth_maxPriorityFeePerGas
eth_estimateGas
eth_sendRawTransaction

    Transaction: 0xc0221aff23b1a0ae2420175d097b33aeaad318756ece6dc87e1772cddcd5c03e
    Gas used: 50282

    Transaction: 0xf84c288d0287cec535de34e3be2a3fc8310bbe75440675711dcb45a69c860f96
    Gas used: 105574

    Block Number: 43
    Block Hash: 0x93a9656aec35ffb5450b17ee8ad91605ab33977b2af017f1ea2688319840db32
    Block Time: "Fri, 16 Aug 2024 13:56:36 +0000"

eth_getBlockByNumber
eth_maxPriorityFeePerGas
eth_estimateGas
eth_sendRawTransaction
eth_getBlockByNumber
eth_call
eth_call
eth_call
eth_call
eth_getBlockByNumber
eth_getBlockByNumber
eth_getTransactionByHash
eth_getTransactionByHash
eth_getTransactionByHash
eth_maxPriorityFeePerGas
eth_getTransactionReceipt
eth_getTransactionReceipt
eth_getTransactionReceipt
eth_estimateGas
eth_sendRawTransaction
eth_getBlockByNumber
eth_maxPriorityFeePerGas
eth_estimateGas
eth_sendRawTransaction

    Transaction: 0xbfbf65f5714abbb85d64a60cc05f06174fe57d0293f9f863b5cb905b9c262bd8
    Gas used: 48144

    Transaction: 0xc7adf1f37613163814520eba87d56396a84139f22811d59a38915fcb3dc4fb08
    Gas used: 98426

    Transaction: 0xc4a14f1b349abdd49fa753115573e394a1791c8f43b29a1f34ce664d121afb79
    Gas used: 153718

    Block Number: 44
    Block Hash: 0x974b02c554980b2171a193da680d06970a5ae06f8f6fac5ff1de4f3c99871894
    Block Time: "Fri, 16 Aug 2024 13:56:38 +0000"

eth_getBlockByNumber
eth_call
eth_call
eth_call
eth_call
eth_getBlockByNumber
eth_maxPriorityFeePerGas
eth_estimateGas
eth_sendRawTransaction
eth_getBlockByNumber
eth_getBlockByNumber
eth_getTransactionByHash
eth_getTransactionByHash
eth_getTransactionByHash
eth_getTransactionByHash
eth_maxPriorityFeePerGas
eth_getTransactionReceipt
eth_getTransactionReceipt
eth_getTransactionReceipt
eth_estimateGas
eth_sendRawTransaction
eth_getTransactionReceipt
eth_getBlockByNumber
eth_maxPriorityFeePerGas
eth_estimateGas
eth_sendRawTransaction

    Transaction: 0x1bcd4b79c2092b4b1b505314f9296c7e84b22203d56d14515959880f6ef66b32
    Gas used: 48144

    Transaction: 0x2d84d0ad417bb34fffd91e9830e178482e843888b9d25cb87aaf9a09361bcd7d
    Gas used: 98426

    Transaction: 0x9c50c445c312261183f7cff6ee41890603e6018f8b8f36bb6ca720e2a00eeb7c
    Gas used: 153718

    Block Number: 45
    Block Hash: 0x92ed9a5b92dde4a02519f17310240b96ebf8914f5424eaac4ea3a2e62efeedc6
    Block Time: "Fri, 16 Aug 2024 13:56:40 +0000"

eth_getBlockByNumber
eth_call
eth_call
eth_call
eth_call
eth_getBlockByNumber
eth_getTransactionByHash
eth_getTransactionByHash
eth_getTransactionByHash
eth_getBlockByNumber
eth_getTransactionReceipt
eth_maxPriorityFeePerGas
eth_getTransactionReceipt
eth_getTransactionReceipt
eth_estimateGas
eth_sendRawTransaction
eth_getBlockByNumber
eth_maxPriorityFeePerGas
eth_estimateGas
eth_sendRawTransaction

    Transaction: 0xf97e22f83a4e2447e6dcfdaff7ab5d368f188f59e8f9c16189567bca6c200967
    Gas used: 50282

    Transaction: 0x67865f8f6944621038cf75ef4bdde3ad51aa84cd77d22b1bdbd1c56381d844e6
    Gas used: 105574

    Block Number: 46
    Block Hash: 0xfbf3e4f90100d38076d95616741b18983c0634068c765c240fd3cff98edc171a
    Block Time: "Fri, 16 Aug 2024 13:56:42 +0000"

eth_getBlockByNumber
eth_getBlockByNumber
eth_maxPriorityFeePerGas
eth_call
eth_call
eth_estimateGas
eth_call
eth_sendRawTransaction
eth_call
eth_getBlockByNumber
eth_getTransactionByHash
eth_getTransactionByHash
eth_getTransactionByHash
eth_getBlockByNumber
eth_getTransactionReceipt
eth_getTransactionReceipt
eth_getTransactionReceipt
eth_maxPriorityFeePerGas
eth_estimateGas
eth_sendRawTransaction
eth_getBlockByNumber
eth_maxPriorityFeePerGas
eth_estimateGas
eth_sendRawTransaction

    Transaction: 0x70d4952f078ba820d0d0608d2a1d39e19a6d522c8305ca6054fd6908bb60d03b
    Gas used: 48144

    Transaction: 0x82afa6b2457bcaabeec0b93eafe2c6cb31d2ca5ae504aa20b8c7ac8dee50fbf8
    Gas used: 98426

    Transaction: 0xca0b61f47c33e15e982a59f1c73b09e8290b47e545e9cb70a5b894dda43f2335
    Gas used: 153718

    Block Number: 47
    Block Hash: 0xef077cd385940aef570d064b38cb8792ffd4cdc6b4d10373d130b572ac0ef0cb
    Block Time: "Fri, 16 Aug 2024 13:56:44 +0000"

eth_getBlockByNumber
eth_call
eth_call
eth_call
eth_call
eth_getBlockByNumber
eth_getBlockByNumber
eth_maxPriorityFeePerGas
eth_estimateGas
eth_sendRawTransaction
eth_getBlockByNumber
eth_getTransactionByHash
eth_getTransactionByHash
eth_getTransactionByHash
eth_getTransactionByHash
eth_getTransactionReceipt
eth_maxPriorityFeePerGas
eth_getTransactionReceipt
eth_getTransactionReceipt
eth_estimateGas
eth_sendRawTransaction
eth_getTransactionReceipt
eth_getBlockByNumber
eth_maxPriorityFeePerGas
eth_estimateGas
eth_sendRawTransaction

    Transaction: 0x4650584378151c8a040dbec7b40a99b4bcab11e143e70462120ed12778719545
    Gas used: 48144

    Transaction: 0xd8e28310a7a702211ebb4203ff241ec42b3464a3bfbbdad8c0513bd3a99f95ce
    Gas used: 98426

    Transaction: 0x460349b80df88d15fe11ff2394c48c649cb9929161f1faffa6cf74ec199a2bdb
    Gas used: 153706

    Block Number: 48
    Block Hash: 0xcd010fd8a26fcbdd3ed6341bb35e8317f2d6477df68897f224b958d85e78a150
    Block Time: "Fri, 16 Aug 2024 13:56:46 +0000"

eth_getBlockByNumber
eth_call
eth_call
eth_call
eth_call
eth_getBlockByNumber
eth_getBlockByNumber
eth_getTransactionByHash
eth_getTransactionByHash
eth_maxPriorityFeePerGas
eth_getTransactionByHash
eth_getTransactionReceipt
eth_getTransactionReceipt
eth_estimateGas
eth_getTransactionReceipt
eth_sendRawTransaction
eth_getBlockByNumber
eth_maxPriorityFeePerGas
eth_estimateGas
eth_sendRawTransaction

    Transaction: 0xb5ce0bf5e3e9fc937f046a6c0824664813f3911ff468790fa91181b49149c5b7
    Gas used: 50282

    Transaction: 0xdf82192cf5aa7ada4deddea9cbf81d1a497261c194e04f851d53f33820a5693a
    Gas used: 105574

    Block Number: 49
    Block Hash: 0x96dc0ef0f37931cfc6601ad97fd3f95f6dacfaf96b853c67126b4f0dafa3524c
    Block Time: "Fri, 16 Aug 2024 13:56:48 +0000"

eth_getBlockByNumber
eth_maxPriorityFeePerGas
eth_estimateGas
eth_sendRawTransaction
eth_getBlockByNumber
eth_call
eth_call
eth_call
eth_call
eth_getBlockByNumber
eth_getTransactionByHash
eth_getBlockByNumber
eth_getTransactionByHash
eth_getTransactionByHash
eth_getTransactionReceipt
eth_maxPriorityFeePerGas
eth_getTransactionReceipt
eth_getTransactionReceipt
eth_estimateGas
eth_sendRawTransaction
eth_getBlockByNumber
eth_maxPriorityFeePerGas
eth_estimateGas
eth_sendRawTransaction

    Transaction: 0x48cd98cf426b7ca51d21118c3ff5cab1c00ad9af15e5847d84ce034f5fd171d5
    Gas used: 48144

    Transaction: 0x001c71d5244753aa65add168f8b662411485025d92df993364692e2f11d754e4
    Gas used: 98426

    Transaction: 0x7654962111198f2b039a06e6a7755149d57068e08a47b7f4cf7d1c3ad341eb3a
    Gas used: 153718

    Block Number: 50
    Block Hash: 0xf313e91c48091c5e85cd496c35851cf15fecb2c1b78677571033d309f2d022fd
    Block Time: "Fri, 16 Aug 2024 13:56:50 +0000"

eth_getBlockByNumber
eth_call
eth_call
eth_call
eth_call
eth_getBlockByNumber
eth_maxPriorityFeePerGas
eth_estimateGas
eth_sendRawTransaction
eth_getBlockByNumber
eth_getTransactionByHash
eth_getTransactionByHash
eth_getTransactionByHash
eth_getTransactionByHash
eth_getBlockByNumber
eth_getTransactionReceipt
eth_getTransactionReceipt
eth_maxPriorityFeePerGas
eth_estimateGas
eth_getTransactionReceipt
eth_getTransactionReceipt
eth_sendRawTransaction
eth_getBlockByNumber
eth_maxPriorityFeePerGas
eth_estimateGas
eth_sendRawTransaction

    Transaction: 0x25c30a85c7d33da1be352f2e91291730853917c04ddedd585565b17dd04202dd
    Gas used: 48144

    Transaction: 0xab15c5d740db8612852cc16ad21ab6335d69ed2f63f5ffcc6a4a09b66bc5017c
    Gas used: 98414

    Transaction: 0x2d2a65daeb93465f2b323fbc11b6b12022c877c89711cd58690674f9d4e58bb4
    Gas used: 153706

    Block Number: 51
    Block Hash: 0xebbb010bd3f9b764a8a50ef273d5583e45bb012ee38a552dc8bb94b726060cc3
    Block Time: "Fri, 16 Aug 2024 13:56:52 +0000"

eth_getBlockByNumber
eth_call
eth_call
eth_call
eth_call
eth_getBlockByNumber
eth_getTransactionByHash
eth_getTransactionByHash
eth_getTransactionByHash
eth_getBlockByNumber
eth_getTransactionReceipt
eth_getTransactionReceipt
eth_maxPriorityFeePerGas
eth_getTransactionReceipt
eth_estimateGas
eth_sendRawTransaction
eth_getBlockByNumber
eth_maxPriorityFeePerGas
eth_estimateGas
eth_sendRawTransaction
eth_getBlockByNumber
eth_maxPriorityFeePerGas
eth_estimateGas
eth_sendRawTransaction

    Transaction: 0x655e6b942813b59c44843ed14edfdeb8471e5aef8c2641dda2d6a2ecbfc3d30f
    Gas used: 50282

    Transaction: 0xfd75e7cc5050eb42ae6c95a6caf6f1839df57046813fa3108984f01f5a1ccf33
    Gas used: 105574

    Transaction: 0x2e3c1e439e1b960705d25d7954771455ae3b5cc86ae39092626645dce0735afc
    Gas used: 153718

    Block Number: 52
    Block Hash: 0xda42a11b60ccd6fc21ecf3d2df04bf45a4ba7372e2db8aada7f3cecf1d45e30d
    Block Time: "Fri, 16 Aug 2024 13:56:54 +0000"

eth_getBlockByNumber
eth_call
eth_call
eth_call
eth_call
eth_getBlockByNumber
eth_getTransactionByHash
eth_getTransactionByHash
eth_getTransactionByHash
eth_getBlockByNumber
eth_getTransactionReceipt
eth_getTransactionReceipt
eth_getTransactionReceipt
eth_maxPriorityFeePerGas
eth_estimateGas
eth_sendRawTransaction
eth_getBlockByNumber
eth_maxPriorityFeePerGas
eth_estimateGas
eth_sendRawTransaction

    Transaction: 0xefcdb788da479a440e7e0e5fd289d0e1c07fc924131dd533e5305ff387812c66
    Gas used: 50282

    Transaction: 0x9a25bf479ac2423b93af3df6f55a30bdc258ea13a0d15b2c2a6d5511245d1630
    Gas used: 105574

    Block Number: 53
    Block Hash: 0x452cc9eb44332559eadc1910f7d3ad8cc62ddf227e6ba6ed7edd4bc36e28b238
    Block Time: "Fri, 16 Aug 2024 13:56:56 +0000"

eth_getBlockByNumber
eth_call
eth_call
eth_call
eth_call
eth_getBlockByNumber
eth_maxPriorityFeePerGas
eth_estimateGas
eth_sendRawTransaction
eth_getBlockByNumber
eth_getBlockByNumber
eth_getTransactionByHash
eth_getTransactionByHash
eth_getTransactionByHash
eth_getTransactionReceipt
eth_maxPriorityFeePerGas
eth_getTransactionReceipt
eth_estimateGas
eth_getTransactionReceipt
eth_sendRawTransaction
eth_getBlockByNumber
eth_maxPriorityFeePerGas
eth_estimateGas
eth_sendRawTransaction

    Transaction: 0x3fc72a069d9dffa774bb4152c2eb567e5c71265a5fb7659297f7112d448ba9f0
    Gas used: 48144

    Transaction: 0xb93f643481417daa9275d020d8dfabf4a1366a073b29eb5b1e31416a2a5252d0
    Gas used: 98426

    Transaction: 0xc212b3df0398d48f4d1ae5038c81a953e717955174b809d7a5d9e5040e3a990b
    Gas used: 153718

    Block Number: 54
    Block Hash: 0x2ee3e47946f53e2f98c6f2ea9890eef5ca131d31cddfb41925ca27f0a074bb02
    Block Time: "Fri, 16 Aug 2024 13:56:58 +0000"

eth_getBlockByNumber
eth_call
eth_call
eth_call
eth_call
eth_getBlockByNumber
eth_getTransactionByHash
eth_getTransactionByHash
eth_getTransactionByHash
eth_getBlockByNumber
eth_getTransactionReceipt
eth_getTransactionReceipt
eth_getTransactionReceipt
eth_maxPriorityFeePerGas
eth_estimateGas
eth_sendRawTransaction
eth_getBlockByNumber
eth_maxPriorityFeePerGas
eth_estimateGas
eth_sendRawTransaction

    Transaction: 0x6eab58aeb616e512b4467e770a81e4f374fb0cbc4a67a5223eb6925360a5aec5
    Gas used: 50282

    Transaction: 0x0c5676c36e01ed436fdb028d1199aff567339eab8ce92e8895a63c35a2072f88
    Gas used: 105562

    Block Number: 55
    Block Hash: 0x89a1d004317aef31b74d18cd8ee66983b469054ce6fc5ba16d6d0a70d5b9516b
    Block Time: "Fri, 16 Aug 2024 13:57:00 +0000"

eth_getBlockByNumber
eth_maxPriorityFeePerGas
eth_estimateGas
eth_sendRawTransaction
eth_getBlockByNumber
eth_call
eth_call
eth_call
eth_call
eth_getBlockByNumber
eth_getTransactionByHash
eth_getTransactionByHash
eth_getBlockByNumber
eth_getTransactionByHash
eth_getTransactionReceipt
eth_getTransactionReceipt
eth_maxPriorityFeePerGas
eth_getTransactionReceipt
eth_estimateGas
eth_sendRawTransaction
eth_getBlockByNumber
eth_maxPriorityFeePerGas
eth_estimateGas
eth_sendRawTransaction

    Transaction: 0x89aaf7d5642efbc7bdf5afa05b9db83261e803c97fa5ef08d59372537e382886
    Gas used: 48144

    Transaction: 0xcf4469f29f84d658bd0d1a700c6d2d1a961d42c93c78e12b8341fb10d23b57c6
    Gas used: 98426

    Transaction: 0x19e21544f708fc0558d14953c7df41779e5cfb528a4cae92cf4840f59f0199b5
    Gas used: 153718

    Block Number: 56
    Block Hash: 0xd241606cf14dd448250e46cc9d64aa894952e66496acdb3748517628a7a2ac4c
    Block Time: "Fri, 16 Aug 2024 13:57:02 +0000"

eth_getBlockByNumber
eth_call
eth_call
eth_call
eth_call
eth_getBlockByNumber
eth_maxPriorityFeePerGas
eth_estimateGas
eth_sendRawTransaction
eth_getBlockByNumber
eth_getTransactionByHash
eth_getBlockByNumber
eth_getTransactionByHash
eth_getTransactionByHash
eth_getTransactionByHash
eth_getTransactionReceipt
eth_maxPriorityFeePerGas
eth_getTransactionReceipt
eth_estimateGas
eth_getTransactionReceipt
eth_getTransactionReceipt
eth_sendRawTransaction
eth_getBlockByNumber
eth_maxPriorityFeePerGas
eth_estimateGas
eth_sendRawTransaction

    Transaction: 0x932451da2537acf6e2516f5aad649c485e20e4f7c3b2524f1a76733afc56ed08
    Gas used: 48144

    Transaction: 0x0699cbd4685b54f50332ebbb5c0ab386ec199a5e8e8a3d626132c0c05983e024
    Gas used: 98426

    Transaction: 0x904fd542ce93e3b87759ac110dd78dfd9155440779a49ad87bda0c3c48f20b9f
    Gas used: 153718

    Block Number: 57
    Block Hash: 0xc2ade237350a3b988c34787ed5d9e0e8d26381c933a8c0ce9d79c2f071e281fb
    Block Time: "Fri, 16 Aug 2024 13:57:04 +0000"

eth_getBlockByNumber
eth_call
eth_call
eth_call
eth_call
eth_getBlockByNumber
eth_getTransactionByHash
eth_getTransactionByHash
eth_getBlockByNumber
eth_getTransactionByHash
eth_getTransactionReceipt
eth_maxPriorityFeePerGas
eth_getTransactionReceipt
eth_getTransactionReceipt
eth_estimateGas
eth_sendRawTransaction
eth_getBlockByNumber
eth_maxPriorityFeePerGas
eth_estimateGas
eth_sendRawTransaction
eth_getBlockByNumber
eth_maxPriorityFeePerGas
eth_estimateGas

    Transaction: 0x8bc0bc155cac55130f0e8f648dbc188568910185332eb3fd3b78c0b70e794d64
    Gas used: 50282

    Transaction: 0x698f63a875f5a46dd160693183b936b167383a728a82eafabca6c67295a9718d
    Gas used: 105574

    Block Number: 58
    Block Hash: 0x0c52241de70557ce77f6f7e121eb1b9119dc07d7f7fa2dadf4da34581a151dab
    Block Time: "Fri, 16 Aug 2024 13:57:06 +0000"

eth_sendRawTransaction
eth_getBlockByNumber
eth_call
eth_call
eth_call
eth_call
eth_getBlockByNumber
eth_getTransactionByHash
eth_getBlockByNumber
eth_getTransactionByHash
eth_getTransactionByHash
eth_getTransactionReceipt
eth_maxPriorityFeePerGas
eth_getTransactionReceipt
eth_getTransactionReceipt
eth_estimateGas
eth_sendRawTransaction
eth_getBlockByNumber
eth_maxPriorityFeePerGas
eth_estimateGas
eth_sendRawTransaction

    Transaction: 0x44a98d07e749d6c8eaceb6f79fc041eeb3f2b0ffc354441a6a87508f54aa66a4
    Gas used: 48144

    Transaction: 0x52ffb1caf227218ff9fec7666e0f4a63b1c142795be386095be7479140bb2cea
    Gas used: 98426

    Transaction: 0x702852c75f735fbe86d424582b7b77afd34c0dbeec28c88149ba6d6172704464
    Gas used: 153706

    Block Number: 59
    Block Hash: 0x040a565e62cc569fc9a310747ee61db755717c16b494f78673757c0c1aef81a9
    Block Time: "Fri, 16 Aug 2024 13:57:08 +0000"

eth_getBlockByNumber
eth_call
eth_call
eth_call
eth_call
eth_getBlockByNumber
eth_maxPriorityFeePerGas
eth_estimateGas
eth_sendRawTransaction
eth_getBlockByNumber
eth_getBlockByNumber
eth_getTransactionByHash
eth_getTransactionByHash
eth_maxPriorityFeePerGas
eth_getTransactionByHash
eth_getTransactionByHash
eth_getTransactionReceipt
eth_getTransactionReceipt
eth_estimateGas
eth_sendRawTransaction
eth_getTransactionReceipt
eth_getTransactionReceipt
eth_getBlockByNumber
eth_maxPriorityFeePerGas
eth_estimateGas
eth_sendRawTransaction

    Transaction: 0xb46c777658a7942ed7abbba65e6c85b55b931ff81d20d3edcfeded5b9b6970cb
    Gas used: 48144

    Transaction: 0xd3b47dc5c78472fcc78ec0d3bc14a9060ca7d2447aa3d463b8d6ce5b086704a8
    Gas used: 98426

    Transaction: 0x86e37433e57539f02ebf97ff210c3d1d366a9fa025b2db5040412b7b3c518e41
    Gas used: 153718

    Block Number: 60
    Block Hash: 0x865b0b3bb03d91f842b0bab1c32f7090aee04f8c2f4efe4bd4523aa00bd14a30
    Block Time: "Fri, 16 Aug 2024 13:57:10 +0000"

eth_getBlockByNumber
eth_call
eth_call
eth_call
eth_call
eth_getBlockByNumber
eth_getTransactionByHash
eth_getTransactionByHash
eth_getTransactionByHash
eth_getTransactionReceipt
eth_getBlockByNumber
eth_getTransactionReceipt
eth_maxPriorityFeePerGas
eth_getTransactionReceipt
eth_estimateGas
eth_sendRawTransaction
eth_getBlockByNumber
eth_maxPriorityFeePerGas
eth_estimateGas
eth_sendRawTransaction
eth_getBlockByNumber
eth_maxPriorityFeePerGas
eth_estimateGas
eth_sendRawTransaction

    Transaction: 0x67c86d41ae88cf6653d2d4e610cadbe9a35638ce2e2db566238e2bf5c1c43425
    Gas used: 50282

    Transaction: 0x5c62dc69817d46df1d435435aa3b6b618e001eb92e6de5ce7be5e542eb6180b0
    Gas used: 105574

    Transaction: 0xc6d57f67987e46331e4cf4094db15b8bbaf788357d7622e0e376af54c951329e
    Gas used: 153718

    Block Number: 61
    Block Hash: 0xfa182d9113114a1c667659184c956c18c6ba96db59c0888b8604be5ae12c08c4
    Block Time: "Fri, 16 Aug 2024 13:57:12 +0000"

eth_getBlockByNumber
eth_call
eth_call
eth_call
eth_call
eth_getBlockByNumber
eth_getTransactionByHash
eth_getTransactionByHash
eth_getTransactionByHash
eth_getBlockByNumber
eth_getTransactionReceipt
eth_maxPriorityFeePerGas
eth_getTransactionReceipt
eth_getTransactionReceipt
eth_estimateGas
eth_sendRawTransaction
eth_getBlockByNumber
eth_maxPriorityFeePerGas
eth_estimateGas
eth_sendRawTransaction

    Transaction: 0x39931fa5bcc37270fdbbf6ca5423b1c29b3f6ceb086c0891abbd184ab50564c0
    Gas used: 50282

    Transaction: 0x7d789d7d34871519e9146173f4531737ee97eed8a4dc9e773c664a0cd622e5cc
    Gas used: 105574

    Block Number: 62
    Block Hash: 0x6a19a572055eed3d185d024bd5b3491e5817ec019c1759018c18968c0578e04d
    Block Time: "Fri, 16 Aug 2024 13:57:14 +0000"

eth_getBlockByNumber
eth_call
eth_call
eth_call
eth_call
eth_getBlockByNumber
eth_maxPriorityFeePerGas
eth_estimateGas
eth_sendRawTransaction
eth_getTransactionByHash
eth_getTransactionByHash
eth_getTransactionByHash
eth_getBlockByNumber
eth_getTransactionReceipt
eth_getTransactionReceipt
eth_getTransactionReceipt
eth_maxPriorityFeePerGas
eth_estimateGas
eth_sendRawTransaction
eth_getBlockByNumber
eth_maxPriorityFeePerGas
eth_estimateGas
eth_sendRawTransaction

    Transaction: 0x1221c88755c78e2834c4e99041136394504375e297cbd54f7f724463920de5c6
    Gas used: 48144

    Transaction: 0xe0cbed2a39de04130b8df37aebfa0748dfa4b670a53efd4e515fd2269ef8dbea
    Gas used: 98426

    Transaction: 0x556a56fcf7bf93cd419bb639eb2eeb0eb85c9953a5f5026d0095b507d2c9c617
    Gas used: 153718

    Block Number: 63
    Block Hash: 0xe0360f7b2beba21965f459317fd723a7b7f96e278b6afb0ac87d44ae1c98c1cb
    Block Time: "Fri, 16 Aug 2024 13:57:16 +0000"

eth_getTransactionByHash
eth_getTransactionByHash
eth_getTransactionByHash
eth_getBlockByNumber
eth_getTransactionReceipt
eth_getTransactionReceipt
eth_getTransactionReceipt
eth_maxPriorityFeePerGas
eth_estimateGas
eth_sendRawTransaction
eth_getBlockByNumber
eth_maxPriorityFeePerGas
eth_estimateGas
eth_sendRawTransaction

    Transaction: 0xd2454fd227a7430b9cd2ee240535831834dd40b989a2d899d91dc344603426a9
    Gas used: 50282

    Transaction: 0x4954f10bedcf7025c093a679fdd28d6e8a9d33f783764406d0792359aa40739e
    Gas used: 105574

    Block Number: 64
    Block Hash: 0xc0d8f0fc8d6a240a7496024333043b8eb48d0e64b0bc45c2828752c9d752506c
    Block Time: "Fri, 16 Aug 2024 13:57:18 +0000"

eth_getBlockByNumber
eth_maxPriorityFeePerGas
eth_estimateGas
eth_sendRawTransaction
eth_getTransactionByHash
eth_getTransactionByHash
eth_getTransactionByHash
eth_getBlockByNumber
eth_getTransactionReceipt
eth_maxPriorityFeePerGas
eth_getTransactionReceipt
eth_getTransactionReceipt
eth_estimateGas
eth_sendRawTransaction
eth_getBlockByNumber
eth_maxPriorityFeePerGas
eth_estimateGas
eth_sendRawTransaction

    Transaction: 0x7dcf480b2f8b201fe9dfe7cb80ccdc922fff0882fd82c537dc77bb9d3245ff27
    Gas used: 48144

    Transaction: 0x7eb7003077a13672f058e1b59057ecfa3ecb2fc75314b34dec46efbc81734d97
    Gas used: 98426

    Transaction: 0x15eff951227ba247abafbf8c3d7ac99853a0982c09dc512b60067a898d3a2a73
    Gas used: 153718

    Block Number: 65
    Block Hash: 0xbf978c879a441a12fb3f7b6a9c473e0d947513c9fd3dde756fcffeb82ac7aed7
    Block Time: "Fri, 16 Aug 2024 13:57:20 +0000"

eth_getBlockByNumber
eth_maxPriorityFeePerGas
eth_estimateGas
eth_sendRawTransaction
eth_getBlockByNumber
eth_getTransactionByHash
eth_getTransactionByHash
eth_getTransactionByHash
eth_getTransactionByHash
eth_maxPriorityFeePerGas
eth_getTransactionReceipt
eth_getTransactionReceipt
eth_getTransactionReceipt
eth_estimateGas
eth_sendRawTransaction
eth_getTransactionReceipt
eth_getBlockByNumber
eth_maxPriorityFeePerGas
eth_estimateGas
eth_sendRawTransaction

    Transaction: 0x474c69319ee95754530ee77900eec7752c58882b6a0ff6527b2e177b9edac2cc
    Gas used: 48144

    Transaction: 0x6260e14d3eed0b9ea9f7916ba860751788eb1b657ee7079af171ad18849bf982
    Gas used: 98414

    Transaction: 0x8ba09a2022eb8d4e84762013441d0cba5c8debe55d8a5a27047fa7837d704ced
    Gas used: 153706

    Block Number: 66
    Block Hash: 0xc60406212d65a17cc6e7cf5cf4c83df0d7787a99827dc1097eaa7ab635c11d20
    Block Time: "Fri, 16 Aug 2024 13:57:22 +0000"

eth_getBlockByNumber
eth_getTransactionByHash
eth_getTransactionByHash
eth_getTransactionByHash
eth_maxPriorityFeePerGas
eth_getTransactionReceipt
eth_getTransactionReceipt
eth_getTransactionReceipt
eth_estimateGas
eth_sendRawTransaction
eth_getBlockByNumber
eth_maxPriorityFeePerGas
eth_estimateGas
eth_sendRawTransaction

    Transaction: 0x8ca7e670465fed432d2b2a437e0edf2aa7ef5e0839ff3943465320b49870a0a5
    Gas used: 50282

    Transaction: 0xa89437e78fda09e5eaca0886df88a7aa35bc1d70ebd1e5d6b626914170715d7a
    Gas used: 105574

    Block Number: 67
    Block Hash: 0x9339855573b5188ed994aa296d3debc8103f1ed0ab86f5224a85ec12d6db5d9a
    Block Time: "Fri, 16 Aug 2024 13:57:24 +0000"

eth_getBlockByNumber
eth_maxPriorityFeePerGas
eth_estimateGas
eth_sendRawTransaction
eth_getTransactionByHash
eth_getBlockByNumber
eth_getTransactionByHash
eth_getTransactionByHash
eth_getTransactionReceipt
eth_maxPriorityFeePerGas
eth_getTransactionReceipt
eth_getTransactionReceipt
eth_estimateGas
eth_sendRawTransaction
eth_getBlockByNumber
eth_maxPriorityFeePerGas
eth_estimateGas
eth_sendRawTransaction

    Transaction: 0x26eb2376abeab6f858ff78080a2c060a0470e251e1819f408fee2a18819e2a1a
    Gas used: 48144

    Transaction: 0xb3a36db958dd798028ad81c13a855119c138a0c0c0778dcfdf0967b94370d19b
    Gas used: 98426

    Transaction: 0xf8973d88c4f73ab2b2f62d4f7c38ff2c881a6d9486db59330291be0a145d1d1d
    Gas used: 153718

    Block Number: 68
    Block Hash: 0x17f81a494e6946f119fe73633c16f00d33f690363796c200c1a1d6f74d40d113
    Block Time: "Fri, 16 Aug 2024 13:57:26 +0000"

eth_getBlockByNumber
eth_maxPriorityFeePerGas
eth_estimateGas
eth_sendRawTransaction
eth_getBlockByNumber
eth_getTransactionByHash
eth_getTransactionByHash
eth_getTransactionByHash
eth_getTransactionByHash
eth_maxPriorityFeePerGas
eth_getTransactionReceipt
eth_getTransactionReceipt
eth_estimateGas
eth_getTransactionReceipt
eth_getTransactionReceipt
eth_sendRawTransaction
eth_getBlockByNumber
eth_maxPriorityFeePerGas
eth_estimateGas
eth_sendRawTransaction

    Transaction: 0xf827e1ec1e21a99166de094d917dad0a86b0f2b3f7a4970c39ce943880147ebf
    Gas used: 48144

    Transaction: 0x36597becaf711277f4ec6e9740a1526bb439358af9e535410c5299082126150a
    Gas used: 98426

    Transaction: 0x7f6d9ec94df8e08ccab83eca1afb071114eabd585861527901997dd2c60e4f2b
    Gas used: 153718

    Block Number: 69
    Block Hash: 0x3abda1674f7e55954e33be1e8410e0e074882a37f0d93da4d7139dc477a0ec61
    Block Time: "Fri, 16 Aug 2024 13:57:28 +0000"

eth_getBlockByNumber
eth_getTransactionByHash
eth_getTransactionByHash
eth_getTransactionByHash
eth_maxPriorityFeePerGas
eth_getTransactionReceipt
eth_getTransactionReceipt
eth_getTransactionReceipt
eth_estimateGas
eth_sendRawTransaction
eth_getBlockByNumber
eth_maxPriorityFeePerGas
eth_estimateGas
eth_sendRawTransaction
eth_getBlockByNumber
eth_maxPriorityFeePerGas
eth_estimateGas
eth_sendRawTransaction

    Transaction: 0xeb8560712476543667f40565afe4ac6e5112180c052494e6128e359a2f49c09c
    Gas used: 50282

    Transaction: 0x23ceb82f5853084f67c28986fb91ce657ed2d7818b6fb44c35bbfadb27873dd8
    Gas used: 105574

    Transaction: 0x141dcd28d2a87a09b0167793d05b6c38013ce307643dd1e13256ff70cd9751f6
    Gas used: 153718

    Block Number: 70
    Block Hash: 0x5c41b3af00491c2763ca51294e769c3aae91d48e4db1a1d7c7c076648f609db0
    Block Time: "Fri, 16 Aug 2024 13:57:30 +0000"

eth_getTransactionByHash
eth_getBlockByNumber
eth_getTransactionByHash
eth_getTransactionByHash
eth_getTransactionReceipt
eth_maxPriorityFeePerGas
eth_getTransactionReceipt
eth_getTransactionReceipt
eth_estimateGas
eth_sendRawTransaction
eth_getBlockByNumber
eth_maxPriorityFeePerGas
eth_estimateGas
eth_sendRawTransaction

    Transaction: 0x1742a59c1a645ee6f1d802f33e04a07c4cd899cddb3c017352f9fb545e2043cc
    Gas used: 50282

    Transaction: 0x5a425a17786a58a5ee9eaa14197fc92fc77449ebc7fea989d440499bc4f66ef6
    Gas used: 105574

    Block Number: 71
    Block Hash: 0xab7ae85832c160c4705335addd0034aceaf54fd595426db5ab96fa44ad70ef53
    Block Time: "Fri, 16 Aug 2024 13:57:32 +0000"

eth_getBlockByNumber
eth_maxPriorityFeePerGas
eth_estimateGas
eth_sendRawTransaction
eth_getTransactionByHash
eth_getTransactionByHash
eth_getTransactionByHash
eth_getBlockByNumber
eth_getTransactionReceipt
eth_maxPriorityFeePerGas
eth_getTransactionReceipt
eth_getTransactionReceipt
eth_estimateGas
eth_sendRawTransaction
eth_getBlockByNumber
eth_maxPriorityFeePerGas
eth_estimateGas
eth_sendRawTransaction

    Transaction: 0xd1b62c0fbbabc844d1c818e0e5617350f3733a3edf6de2ef1cff18128260ec07
    Gas used: 48144

    Transaction: 0xabd81657ce2ecd3ab89c572258f9b5bc3520f6f68f870361e4c14671aad769c1
    Gas used: 98426

    Transaction: 0xfdbf7d6461909b5d13572d7bbd2a08835b49a7656ed21166be2c7f13f1c28da8
    Gas used: 153718

    Block Number: 72
    Block Hash: 0xf85b5be216c4f20848694f9e0b3cda38dc81ec8db613f1b40b3d181b663ed911
    Block Time: "Fri, 16 Aug 2024 13:57:34 +0000"

eth_getTransactionByHash
eth_getTransactionByHash
eth_getTransactionByHash
eth_getBlockByNumber
eth_getTransactionReceipt
eth_getTransactionReceipt
eth_getTransactionReceipt
eth_maxPriorityFeePerGas
eth_estimateGas
eth_sendRawTransaction
eth_getBlockByNumber
eth_maxPriorityFeePerGas
eth_estimateGas
eth_sendRawTransaction
eth_getBlockByNumber
eth_maxPriorityFeePerGas
eth_estimateGas
eth_sendRawTransaction

    Transaction: 0xc611e5805c7cd8294afa07cc953061439576379410dc6699ad77b185ad57ac06
    Gas used: 50282

    Transaction: 0x7fa92be1f96715276410cbb874851b8f45016802adfdf9d2927e943d857beeef
    Gas used: 105574

    Transaction: 0x2b732975e34d2305ed0b6c8d6bd8ff629ea48938d2f432d4dd3222c29a16227c
    Gas used: 153718

    Block Number: 73
    Block Hash: 0x349fa9d12822c082e6a57db0cfbc5547a9fa97ea046796a89a8c5865d45cec0e
    Block Time: "Fri, 16 Aug 2024 13:57:36 +0000"

eth_getBlockByNumber
eth_call
eth_call
eth_call
eth_call
eth_getTransactionByHash
eth_getTransactionByHash
eth_getTransactionByHash
eth_getBlockByNumber
eth_getTransactionReceipt
eth_getTransactionReceipt
eth_getTransactionReceipt
eth_maxPriorityFeePerGas
eth_estimateGas
eth_sendRawTransaction
eth_getBlockByNumber
eth_maxPriorityFeePerGas
eth_estimateGas
eth_sendRawTransaction

    Transaction: 0x76a836ffb8629b91254e099a0f943322a61bd3153fcc2904050832a22c89f0d5
    Gas used: 50282

    Transaction: 0x53d6bfb314415e2ee7dd4fdc16c013bdd61d86e19ad13a009957626673908df2
    Gas used: 105574

    Block Number: 74
    Block Hash: 0x0643eda72860a6a6c56ac7132f838314a28dbd62a998d0180026afea1146b4e6
    Block Time: "Fri, 16 Aug 2024 13:57:38 +0000"

eth_getBlockByNumber
eth_call
eth_call
eth_call
eth_call
eth_getBlockByNumber
eth_maxPriorityFeePerGas
eth_estimateGas
eth_sendRawTransaction
eth_getBlockByNumber
eth_getTransactionByHash
eth_getTransactionByHash
eth_getTransactionByHash
eth_getBlockByNumber
eth_getTransactionReceipt
eth_getTransactionReceipt
eth_maxPriorityFeePerGas
eth_estimateGas
eth_getTransactionReceipt
eth_sendRawTransaction
eth_getBlockByNumber
eth_maxPriorityFeePerGas
eth_estimateGas
eth_sendRawTransaction

    Transaction: 0x127c4fab8cfece9fa8e5d7979d97a527fab7438143a48ea96f98efaf9f63825d
    Gas used: 48144

    Transaction: 0x4c9474e91c8f11458ae4891f1407bf0ccec55d1ee100a3af6789f202a636c21c
    Gas used: 98426

    Transaction: 0xb69e831bff828fbcec9256b5eefa6ff8619d18d71226ccd5135b52538cc4f11f
    Gas used: 153718

    Block Number: 75
    Block Hash: 0xcf6d450f5b9d734ab779f15c79c9ec13aae1db157a1e66405cfe04da87672d8d
    Block Time: "Fri, 16 Aug 2024 13:57:40 +0000"

eth_getBlockByNumber
eth_call
eth_call
eth_call
eth_call
eth_getBlockByNumber
eth_getTransactionByHash
eth_getTransactionByHash
eth_getTransactionByHash
eth_getBlockByNumber
eth_getTransactionReceipt
eth_getTransactionReceipt
eth_getTransactionReceipt
eth_maxPriorityFeePerGas
eth_estimateGas
eth_sendRawTransaction
eth_getBlockByNumber
eth_maxPriorityFeePerGas
eth_estimateGas
eth_sendRawTransaction

    Transaction: 0xaea0fe3f34dec40a7f574a80598a82027fecef7f0ee58ecfae721f738c3b056a
    Gas used: 50282

    Transaction: 0x5e8cb09ee834d0378a00eccfa8fd8603778be9a9e00344bdb82a51af0d5b3cdd
    Gas used: 105562

    Block Number: 76
    Block Hash: 0x5393b28c61896496d0e534ed6ca8720b9daa260f6781b9b17d720235c1b3f943
    Block Time: "Fri, 16 Aug 2024 13:57:42 +0000"

eth_getBlockByNumber
eth_maxPriorityFeePerGas
eth_estimateGas
eth_sendRawTransaction
eth_getTransactionByHash
eth_getBlockByNumber
eth_getTransactionByHash
eth_getTransactionByHash
eth_getTransactionReceipt
eth_maxPriorityFeePerGas
eth_getTransactionReceipt
eth_getTransactionReceipt
eth_estimateGas
eth_sendRawTransaction
eth_getBlockByNumber
eth_maxPriorityFeePerGas
eth_estimateGas
eth_sendRawTransaction

    Transaction: 0xdddee575c336c2b80f3d7b0c1634bef46d5c0d22c6e5558d1a71cc357beffa02
    Gas used: 48144

    Transaction: 0xe976d864906e251363c1ebfc893c5c3a5e277c4f610f4d2cb44fb60012cb6063
    Gas used: 98426

    Transaction: 0x66990dc17c3c845a92de52ac8417de4d873322e02164f912797b0bca09ffdb97
    Gas used: 153706

    Block Number: 77
    Block Hash: 0x459483092712e0ea436de045efa4d73de8a1d36f1e573d85668dba57b408b955
    Block Time: "Fri, 16 Aug 2024 13:57:44 +0000"

eth_getBlockByNumber
eth_maxPriorityFeePerGas
eth_estimateGas
eth_sendRawTransaction
eth_getBlockByNumber
eth_getTransactionByHash
eth_getTransactionByHash
eth_getTransactionByHash
eth_getTransactionByHash
eth_maxPriorityFeePerGas
eth_getTransactionReceipt
eth_getTransactionReceipt
eth_getTransactionReceipt
eth_estimateGas
eth_sendRawTransaction
eth_getTransactionReceipt
eth_getBlockByNumber
eth_maxPriorityFeePerGas
eth_estimateGas
eth_sendRawTransaction

    Transaction: 0xbf2532a8c44bffdc11a22ce618e9bb424234e7b893bfc10701c3800112028a7f
    Gas used: 48144

    Transaction: 0xd7e436dcc261f33d28c962535c173270ead7633bcbb89aa57e92d74d785698c6
    Gas used: 98426

    Transaction: 0x4b1b6940110fe705de84afd05280d1e2a25182340160210439ede2089d97f059
    Gas used: 153718

    Block Number: 78
    Block Hash: 0x92d6dc0218b3f24a3da95896c05e38b76508088c73d1b10baf441593487cc624
    Block Time: "Fri, 16 Aug 2024 13:57:46 +0000"

eth_getBlockByNumber
eth_getTransactionByHash
eth_getTransactionByHash
eth_getTransactionByHash
eth_maxPriorityFeePerGas
eth_getTransactionReceipt
eth_getTransactionReceipt
eth_getTransactionReceipt
eth_estimateGas
eth_sendRawTransaction
eth_getBlockByNumber
eth_maxPriorityFeePerGas
eth_estimateGas
eth_sendRawTransaction
eth_getBlockByNumber
eth_maxPriorityFeePerGas
eth_estimateGas
eth_sendRawTransaction

    Transaction: 0xcc5bde4cd83d09a6f750b4724d68015891535f47778d49359862364f35dfa097
    Gas used: 50270

    Transaction: 0x365b9e16b6161eba1eadc96ce7ac885b5141750ab273a1634b8c51cbc89de44c
    Gas used: 105550

    Transaction: 0x8c84af80dd8122b0507220921d2f2c82349e7689b3daf8ba11021ff6a286c1bf
    Gas used: 153694

    Block Number: 79
    Block Hash: 0x995b2ad5f66af8b7f433f5eba475aa79cf6bdd629dcf3f2b3a162683dba40254
    Block Time: "Fri, 16 Aug 2024 13:57:48 +0000"

eth_getBlockByNumber
eth_getTransactionByHash
eth_getTransactionByHash
eth_getTransactionByHash
eth_maxPriorityFeePerGas
eth_getTransactionReceipt
eth_estimateGas
eth_getTransactionReceipt
eth_getTransactionReceipt
eth_sendRawTransaction
eth_getBlockByNumber
eth_maxPriorityFeePerGas
eth_estimateGas
eth_sendRawTransaction

    Transaction: 0xd3fd07b3836745b62ebfad587e5d219535ec536d10052880450fe2fa7767b163
    Gas used: 50282

    Transaction: 0xd6f6480404f31b65b1fbc49516feba8767ae1c53b564fd7d089aeab5c73151cb
    Gas used: 105574

    Block Number: 80
    Block Hash: 0x22ca5e127191394c644a41d2ea7f506f1373c7d3e36293933a2b81d82dc15983
    Block Time: "Fri, 16 Aug 2024 13:57:50 +0000"

eth_getBlockByNumber
eth_maxPriorityFeePerGas
eth_estimateGas
eth_sendRawTransaction
eth_getTransactionByHash
eth_getBlockByNumber
eth_getTransactionByHash
eth_getTransactionByHash
eth_getTransactionReceipt
eth_maxPriorityFeePerGas
eth_getTransactionReceipt
eth_getTransactionReceipt
eth_estimateGas
eth_sendRawTransaction
eth_getBlockByNumber
eth_maxPriorityFeePerGas
eth_estimateGas
eth_sendRawTransaction

    Transaction: 0x39f1124fd18701b59b1bfa1164dda813cf466d97d030ed90b22a242ed6665a26
    Gas used: 48144

    Transaction: 0xe1f3b48a1d695bcaa0459f652a9c3ebc0e0a0d97dd06d6689bf07504f6c2e2ea
    Gas used: 98426

    Transaction: 0xc294605116ee670c0be4c0bfcaf9cac54adf1b41155b46eb12dcf344a7862a3e
    Gas used: 153718

    Block Number: 81
    Block Hash: 0xf40a688fb6480b85dc7480d1a42c7951004f6463f9005bbe9bd546d5be79b99d
    Block Time: "Fri, 16 Aug 2024 13:57:52 +0000"

eth_getBlockByNumber
eth_getTransactionByHash
eth_getTransactionByHash
eth_getTransactionByHash
eth_maxPriorityFeePerGas
eth_getTransactionReceipt
eth_estimateGas
eth_getTransactionReceipt
eth_getTransactionReceipt
eth_sendRawTransaction
eth_getBlockByNumber
eth_maxPriorityFeePerGas
eth_estimateGas
eth_sendRawTransaction
eth_getBlockByNumber
eth_maxPriorityFeePerGas
eth_estimateGas
eth_sendRawTransaction

    Transaction: 0x51b0056d3e725789aa9a942a96a557f9fffce8c3495022b8d4eb9002c4d7a048
    Gas used: 50282

    Transaction: 0x4ba7194dc035504f99e9e07d92c7af2d4e3527fb34ab93b48c324b7b364768c6
    Gas used: 105574

    Transaction: 0xfaf625d8f2dfc4ad5511c7f70cdbfd6b35383d5b832d518ed4e6894b17651354
    Gas used: 153718

    Block Number: 82
    Block Hash: 0x99a5ded94a42028ef9f1d0895735dc1b1e291bbc77abc7df41baa1f1b7d38f11
    Block Time: "Fri, 16 Aug 2024 13:57:54 +0000"

eth_getBlockByNumber
eth_getTransactionByHash
eth_maxPriorityFeePerGas
eth_getTransactionByHash
eth_getTransactionByHash
eth_estimateGas
eth_getTransactionReceipt
eth_getTransactionReceipt
eth_getTransactionReceipt
eth_sendRawTransaction
eth_getBlockByNumber
eth_maxPriorityFeePerGas
eth_estimateGas
eth_sendRawTransaction

    Transaction: 0x007ce68a470fbd4d8dd32e63db67669d313f50fe2c0fe079676dbbc21099786d
    Gas used: 50282

    Transaction: 0xa0f5e1988f2b620e51bf8ac731d55da82234cae988af63fcc1b68e4562f137fb
    Gas used: 105574

    Block Number: 83
    Block Hash: 0x00efbcb11946577709ff1eb5b04d952814a69e88f8245fe2db3f65226e22c038
    Block Time: "Fri, 16 Aug 2024 13:57:56 +0000"

eth_getBlockByNumber
eth_maxPriorityFeePerGas
eth_estimateGas
eth_sendRawTransaction
eth_getTransactionByHash
eth_getTransactionByHash
eth_getTransactionByHash
eth_getTransactionReceipt
eth_getBlockByNumber
eth_getTransactionReceipt
eth_getTransactionReceipt
eth_maxPriorityFeePerGas
eth_estimateGas
eth_sendRawTransaction
eth_getBlockByNumber
eth_maxPriorityFeePerGas
eth_estimateGas
eth_sendRawTransaction

    Transaction: 0xf724e8bb57cb3a35d0728dee86324af5b0192535b28a9ec054c4f7e57cf97ebf
    Gas used: 48144

    Transaction: 0xa196b6da5d7437b44798d3502459cabf56644b784c95dc235668c9d8b206cc37
    Gas used: 98426

    Transaction: 0xd1841e32dc3663e4af14b2a71320dcf3b5e81ab01137c4c253786ea9e3abc4b9
    Gas used: 153706

    Block Number: 84
    Block Hash: 0x630d4a93588181e1f3045c2409f6046910e78a20fce69aba3c9b6d148f996752
    Block Time: "Fri, 16 Aug 2024 13:57:58 +0000"

eth_getBlockByNumber
eth_getTransactionByHash
eth_getTransactionByHash
eth_getTransactionByHash
eth_maxPriorityFeePerGas
eth_getTransactionReceipt
eth_estimateGas
eth_getTransactionReceipt
eth_sendRawTransaction
eth_getBlockByNumber
eth_getTransactionReceipt
eth_maxPriorityFeePerGas
eth_estimateGas
eth_sendRawTransaction

    Transaction: 0x480d70adbadb5705cdf05a89a4c1153dd3cbd7023c5419ac362a9861250a288c
    Gas used: 50282

    Transaction: 0x47a100bb852ab9c8cec5479ca57bbc4fcd20ea3c3785e74dccc11407caaff1e7
    Gas used: 105574

    Block Number: 85
    Block Hash: 0x3729dc91c252811c66073a750cea528c3b9036af652304ab84aef878a6354d2a
    Block Time: "Fri, 16 Aug 2024 13:58:00 +0000"

eth_getBlockByNumber
eth_maxPriorityFeePerGas
eth_estimateGas
eth_sendRawTransaction
eth_getTransactionByHash
eth_getTransactionByHash
eth_getTransactionByHash
eth_getTransactionReceipt
eth_getBlockByNumber
eth_getTransactionReceipt
eth_getTransactionReceipt
eth_maxPriorityFeePerGas
eth_estimateGas
eth_sendRawTransaction
eth_getBlockByNumber
eth_maxPriorityFeePerGas
eth_estimateGas
eth_sendRawTransaction

    Transaction: 0x36cbfce83cc322bcf10d615e6a6268b79d5f64c50b0c968f6f8899520554de68
    Gas used: 48144

    Transaction: 0x9fdd1d3810a61b892a9d5873ec419dd5d9712a260591766aae0ff6e5496c2ab4
    Gas used: 98426

    Transaction: 0x64ab8dfcc70de87585db07ae8f960ec029fc2239625732160750e57d262be5d0
    Gas used: 153718

    Block Number: 86
    Block Hash: 0xbde56b178c20bf7dde5a7075716a2ea6c21111adfc93340802cfcf2084cf386a
    Block Time: "Fri, 16 Aug 2024 13:58:02 +0000"

eth_getBlockByNumber
eth_maxPriorityFeePerGas
eth_estimateGas
eth_sendRawTransaction
eth_getBlockByNumber
eth_getTransactionByHash
eth_getTransactionByHash
eth_getTransactionByHash
eth_getTransactionByHash
eth_maxPriorityFeePerGas
eth_getTransactionReceipt
eth_getTransactionReceipt
eth_estimateGas
eth_getTransactionReceipt
eth_sendRawTransaction
eth_getBlockByNumber
eth_getTransactionReceipt
eth_maxPriorityFeePerGas
eth_estimateGas
eth_sendRawTransaction

    Transaction: 0xd7138f71fc55cf3388f2a7be4d95de59b0dbef3aba5e9fa5cd58a178fd295c8c
    Gas used: 48132

    Transaction: 0x0a1a70e311c342be6138103b6d95af0c9a1ca6100ff8b31d3c652c782f4626a6
    Gas used: 98402

    Transaction: 0xcf3cf68c4d25ddae2699a62a8e87e5e0d9f22d9de8068cca3b510ef51745af7f
    Gas used: 153694

    Block Number: 87
    Block Hash: 0x168b9ff5ba32a3153d6ffd499c1b742e041f42cbe9744b0dffa3f40e057022ee
    Block Time: "Fri, 16 Aug 2024 13:58:04 +0000"

eth_getTransactionByHash
eth_getTransactionByHash
eth_getBlockByNumber
eth_getTransactionByHash
eth_maxPriorityFeePerGas
eth_getTransactionReceipt
eth_getTransactionReceipt
eth_getTransactionReceipt
eth_estimateGas
eth_sendRawTransaction
eth_getBlockByNumber
eth_maxPriorityFeePerGas
eth_estimateGas
eth_sendRawTransaction

    Transaction: 0x2300c461d6ae4fc758565df2a9c94e0c5db400860d4ae5ab6c1ceedc152741f3
    Gas used: 50270

    Transaction: 0x3378f4acfc8bf8cd7a5ea88965748758b32e24a30e0387bb5e396acfe4a0fe83
    Gas used: 105562

    Block Number: 88
    Block Hash: 0x2c260121e1014c62c511c2ab33f9cda9cd1835dde59c8b7eacfa6b9d74d79b57
    Block Time: "Fri, 16 Aug 2024 13:58:06 +0000"

eth_getBlockByNumber
eth_maxPriorityFeePerGas
eth_estimateGas
eth_sendRawTransaction
eth_getTransactionByHash
eth_getTransactionByHash
eth_getTransactionByHash
eth_getBlockByNumber
eth_getTransactionReceipt
eth_getTransactionReceipt
eth_getTransactionReceipt
eth_maxPriorityFeePerGas
eth_estimateGas
eth_sendRawTransaction
eth_getBlockByNumber
eth_maxPriorityFeePerGas
eth_estimateGas
eth_sendRawTransaction

    Transaction: 0x943ace2b4c5f6937c578e3447196c68f4b7d2ac752eefd89c0dfb6c1198e0ad1
    Gas used: 48144

    Transaction: 0xbe9a62f4cb2e2ceb71634256ebe981cd039450bf363adb1b1ddc510cea4044b0
    Gas used: 98426

    Transaction: 0xc28327b2a1c01d1efba74523a1a5636ebf0778184e36dd626ec75e7e6520584f
    Gas used: 153718

    Block Number: 89
    Block Hash: 0x332ae6aad2f5ffc1f08f92878c61bb82584b27f156c09d4be2eb307e4fdce604
    Block Time: "Fri, 16 Aug 2024 13:58:08 +0000"

eth_getBlockByNumber
eth_maxPriorityFeePerGas
eth_estimateGas
eth_sendRawTransaction
eth_getTransactionByHash
eth_getTransactionByHash
eth_getTransactionByHash
eth_getTransactionByHash
eth_getBlockByNumber
eth_getTransactionReceipt
eth_maxPriorityFeePerGas
eth_getTransactionReceipt
eth_getTransactionReceipt
eth_estimateGas
eth_sendRawTransaction
eth_getTransactionReceipt
eth_getBlockByNumber
eth_maxPriorityFeePerGas
eth_estimateGas
eth_sendRawTransaction

    Transaction: 0xd760c8b06d045c985464a30040a671afcf3c2a97140d1d13ce6da44c33a5ebbb
    Gas used: 48144

    Transaction: 0x87e93cbac473644f594607731772c7d3ffc0ad556b5057017fadbfd3998d2046
    Gas used: 98426

    Transaction: 0x4f89e51547050298a61be1b29fd61585521f0cb12d997b466389b20522d4d6e3
    Gas used: 153718

    Block Number: 90
    Block Hash: 0x7e5a215068f049c49f97bf6c76b325a95cc85558128bcb17ac95dd7bbb08d3b6
    Block Time: "Fri, 16 Aug 2024 13:58:10 +0000"

eth_getTransactionByHash
eth_getTransactionByHash
eth_getTransactionByHash
eth_getBlockByNumber
eth_getTransactionReceipt
eth_getTransactionReceipt
eth_maxPriorityFeePerGas
eth_getTransactionReceipt
eth_estimateGas
eth_sendRawTransaction
eth_getBlockByNumber
eth_maxPriorityFeePerGas
eth_estimateGas
eth_sendRawTransaction
eth_getBlockByNumber
eth_maxPriorityFeePerGas
eth_estimateGas
eth_sendRawTransaction

    Transaction: 0xf796390208a53b0a0ddf2f1356e5f525f4175e20b43d0c2310e4de2ea4c5d112
    Gas used: 50282

    Transaction: 0x1cbe1afe762b0bed3771c0b8dc2ceb6ef4d659fe2dc8020e4e34a081cc58465a
    Gas used: 105574

    Transaction: 0xce073d5f2d4ee2465524d00c66caaed4ebb2b9bebf57c2c33f11e12047fef045
    Gas used: 153718

    Block Number: 91
    Block Hash: 0xe6a1d1379c1932c4f6fc79d87cb58b7e0fbcf23494420a58dbdc868f44f3cf22
    Block Time: "Fri, 16 Aug 2024 13:58:12 +0000"

eth_getBlockByNumber
eth_getTransactionByHash
eth_getTransactionByHash
eth_getTransactionByHash
eth_maxPriorityFeePerGas
eth_getTransactionReceipt
eth_getTransactionReceipt
eth_getTransactionReceipt
eth_estimateGas
eth_sendRawTransaction
eth_getBlockByNumber
eth_maxPriorityFeePerGas
eth_estimateGas
eth_sendRawTransaction

    Transaction: 0x114ec8b7b3a51ddfadfabdcd535c57b1a8f7aff0021f61e82d1837dead2686ec
    Gas used: 50270

    Transaction: 0x195316757977389d6269b1446f081ae20dd61ea6f50bb9a6dd69005e9b9bfc56
    Gas used: 105550

    Block Number: 92
    Block Hash: 0x524661e824e7b76af3aa61fef6b8f49e7e7e3b0d2cfa82fc426878c23a08b824
    Block Time: "Fri, 16 Aug 2024 13:58:14 +0000"

eth_getBlockByNumber
eth_maxPriorityFeePerGas
eth_estimateGas
eth_sendRawTransaction
eth_getBlockByNumber
eth_getTransactionByHash
eth_getTransactionByHash
eth_getTransactionByHash
eth_maxPriorityFeePerGas
eth_getTransactionReceipt
eth_estimateGas
eth_getTransactionReceipt
eth_getTransactionReceipt
eth_sendRawTransaction
eth_getBlockByNumber
eth_maxPriorityFeePerGas
eth_estimateGas
eth_sendRawTransaction

    Transaction: 0x36119c6f82aa7c80497dae320625bc19990851050f435bd5c7a05730a70666c1
    Gas used: 48144

    Transaction: 0x64e8e963de8dd6d3f576d3db8677a6e49863873871aa3cad4805e0f59039acc2
    Gas used: 98426

    Transaction: 0x930751355e00fe32df90a750267064308a57c43b84b13c5a99899b1911983a1c
    Gas used: 153718

    Block Number: 93
    Block Hash: 0x4c1d06f7297487f4ddcbe625a381c459baf6f40698fbb3494204a3e84b8a8ed2
    Block Time: "Fri, 16 Aug 2024 13:58:16 +0000"

eth_getBlockByNumber
eth_getTransactionByHash
eth_getTransactionByHash
eth_getTransactionByHash
eth_maxPriorityFeePerGas
eth_getTransactionReceipt
eth_getTransactionReceipt
eth_estimateGas
eth_getTransactionReceipt
eth_sendRawTransaction
eth_getBlockByNumber
eth_maxPriorityFeePerGas
eth_estimateGas
eth_sendRawTransaction
eth_getBlockByNumber
eth_maxPriorityFeePerGas
eth_estimateGas
eth_sendRawTransaction

    Transaction: 0xa16f064a90aea609e78f82bc64a0d86a66ebefd7e185a04a5df5d91e899461d3
    Gas used: 50282

    Transaction: 0xad18bf55ebfcaf35b5c1f6f5da84bb27a3e09d920efa849e4db8886ab08b2063
    Gas used: 105574

    Transaction: 0xd23637fe2ac919ecce571a2f0961b514a8c3ce117242e49773db152a968cc323
    Gas used: 153718

    Block Number: 94
    Block Hash: 0x22bda3fc98f6b394a6ff46d1859c4e67df5e1279dd1b5db2e74481fbcc067175
    Block Time: "Fri, 16 Aug 2024 13:58:18 +0000"

eth_getTransactionByHash
eth_getTransactionByHash
eth_getTransactionByHash
eth_getBlockByNumber
eth_getTransactionReceipt
eth_getTransactionReceipt
eth_getTransactionReceipt
eth_maxPriorityFeePerGas
eth_estimateGas
eth_sendRawTransaction
eth_getBlockByNumber
eth_maxPriorityFeePerGas
eth_estimateGas
eth_sendRawTransaction

    Transaction: 0xcebdec6646d7d19bed59407782b9a9076ae79ce2959c181d492b698b2e306f60
    Gas used: 50282

    Transaction: 0xad9e005f46d137f157f7b77322aa760d5bb5ec0a0fd06098cb88141ce0036e7a
    Gas used: 105550

    Block Number: 95
    Block Hash: 0x5d898a5325eefbe90b956612442ff7aba3dfcc23c517306cf8e46570f8b485ae
    Block Time: "Fri, 16 Aug 2024 13:58:20 +0000"

eth_getBlockByNumber
eth_maxPriorityFeePerGas
eth_estimateGas
eth_sendRawTransaction
eth_getTransactionByHash
eth_getTransactionByHash
eth_getTransactionByHash
eth_getBlockByNumber
eth_getTransactionReceipt
eth_maxPriorityFeePerGas
eth_getTransactionReceipt
eth_getTransactionReceipt
eth_estimateGas
eth_sendRawTransaction
eth_getBlockByNumber
eth_maxPriorityFeePerGas
eth_estimateGas
eth_sendRawTransaction

    Transaction: 0x65a959d0b4ee5480dc33c7d906f3adcbf31942a241284e7768c9cd74b6e8f998
    Gas used: 48144

    Transaction: 0x8a4ba4eca2a7871b933ca5513cc2cc820dcaa042227eb4ae0125ac99d3729424
    Gas used: 98426

    Transaction: 0x4fc5edf49ae1f0ce515fa23dbd2be6e8778dd962e0eb316c3ef268a648df33b2
    Gas used: 153718

    Block Number: 96
    Block Hash: 0xa6b6abf9f5e8f658b695bbbb32d4d12a541ae475f641b05f0f294959828a20e1
    Block Time: "Fri, 16 Aug 2024 13:58:22 +0000"

